<?xml version="1.0" encoding="UTF-8"?>
<coverage generated="1514738626485" clover="3.2.0">
  <project timestamp="1514738626486" name="All files">
    <metrics statements="387" coveredstatements="387" conditionals="100" coveredconditionals="100" methods="200" coveredmethods="200" elements="687" coveredelements="687" complexity="0" loc="387" ncloc="387" packages="8" files="25" classes="25">
      <package name="src">
        <metrics statements="1" coveredstatements="1" conditionals="0" coveredconditionals="0" methods="0" coveredmethods="0"/>
        <file name="setupTests.js" path="C:\Users\xas\Desktop\Nanodegree\Projetos\Readable\readable\src\setupTests.js">
          <metrics statements="1" coveredstatements="1" conditionals="0" coveredconditionals="0" methods="0" coveredmethods="0"/>
          <line num="4" count="17" type="stmt"/>
        </file>
      </package>
      <package name="src.actions">
        <metrics statements="70" coveredstatements="70" conditionals="0" coveredconditionals="0" methods="49" coveredmethods="49"/>
        <file name="commentActions.js" path="C:\Users\xas\Desktop\Nanodegree\Projetos\Readable\readable\src\actions\commentActions.js">
          <metrics statements="19" coveredstatements="19" conditionals="0" coveredconditionals="0" methods="19" coveredmethods="19"/>
          <line num="13" count="11" type="stmt"/>
          <line num="14" count="11" type="stmt"/>
          <line num="15" count="8" type="stmt"/>
          <line num="21" count="5" type="stmt"/>
          <line num="22" count="2" type="stmt"/>
          <line num="23" count="2" type="stmt"/>
          <line num="29" count="5" type="stmt"/>
          <line num="30" count="2" type="stmt"/>
          <line num="31" count="2" type="stmt"/>
          <line num="37" count="5" type="stmt"/>
          <line num="38" count="2" type="stmt"/>
          <line num="39" count="1" type="stmt"/>
          <line num="46" count="6" type="stmt"/>
          <line num="52" count="5" type="stmt"/>
          <line num="53" count="2" type="stmt"/>
          <line num="54" count="1" type="stmt"/>
          <line num="60" count="5" type="stmt"/>
          <line num="61" count="2" type="stmt"/>
          <line num="62" count="2" type="stmt"/>
        </file>
        <file name="index.js" path="C:\Users\xas\Desktop\Nanodegree\Projetos\Readable\readable\src\actions\index.js">
          <metrics statements="30" coveredstatements="30" conditionals="0" coveredconditionals="0" methods="30" coveredmethods="30"/>
          <line num="22" count="8" type="stmt"/>
          <line num="29" count="1" type="stmt"/>
          <line num="33" count="2" type="stmt"/>
          <line num="37" count="2" type="stmt"/>
          <line num="41" count="2" type="stmt"/>
          <line num="45" count="11" type="stmt"/>
          <line num="51" count="7" type="stmt"/>
          <line num="52" count="5" type="stmt"/>
          <line num="53" count="5" type="stmt"/>
          <line num="59" count="7" type="stmt"/>
          <line num="60" count="4" type="stmt"/>
          <line num="61" count="3" type="stmt"/>
          <line num="67" count="9" type="stmt"/>
          <line num="68" count="9" type="stmt"/>
          <line num="69" count="4" type="stmt"/>
          <line num="75" count="7" type="stmt"/>
          <line num="76" count="2" type="stmt"/>
          <line num="77" count="1" type="stmt"/>
          <line num="83" count="7" type="stmt"/>
          <line num="84" count="2" type="stmt"/>
          <line num="85" count="1" type="stmt"/>
          <line num="91" count="7" type="stmt"/>
          <line num="92" count="2" type="stmt"/>
          <line num="93" count="1" type="stmt"/>
          <line num="99" count="7" type="stmt"/>
          <line num="100" count="2" type="stmt"/>
          <line num="101" count="1" type="stmt"/>
          <line num="107" count="7" type="stmt"/>
          <line num="108" count="2" type="stmt"/>
          <line num="109" count="1" type="stmt"/>
        </file>
        <file name="types.js" path="C:\Users\xas\Desktop\Nanodegree\Projetos\Readable\readable\src\actions\types.js">
          <metrics statements="21" coveredstatements="21" conditionals="0" coveredconditionals="0" methods="0" coveredmethods="0"/>
          <line num="1" count="17" type="stmt"/>
          <line num="2" count="17" type="stmt"/>
          <line num="3" count="17" type="stmt"/>
          <line num="4" count="17" type="stmt"/>
          <line num="5" count="17" type="stmt"/>
          <line num="6" count="17" type="stmt"/>
          <line num="7" count="17" type="stmt"/>
          <line num="8" count="17" type="stmt"/>
          <line num="9" count="17" type="stmt"/>
          <line num="10" count="17" type="stmt"/>
          <line num="11" count="17" type="stmt"/>
          <line num="12" count="17" type="stmt"/>
          <line num="13" count="17" type="stmt"/>
          <line num="14" count="17" type="stmt"/>
          <line num="15" count="17" type="stmt"/>
          <line num="16" count="17" type="stmt"/>
          <line num="17" count="17" type="stmt"/>
          <line num="18" count="17" type="stmt"/>
          <line num="19" count="17" type="stmt"/>
          <line num="20" count="17" type="stmt"/>
          <line num="21" count="17" type="stmt"/>
        </file>
      </package>
      <package name="src.components">
        <metrics statements="14" coveredstatements="14" conditionals="2" coveredconditionals="2" methods="12" coveredmethods="12"/>
        <file name="App.js" path="C:\Users\xas\Desktop\Nanodegree\Projetos\Readable\readable\src\components\App.js">
          <metrics statements="7" coveredstatements="7" conditionals="2" coveredconditionals="2" methods="6" coveredmethods="6"/>
          <line num="15" count="4" type="stmt"/>
          <line num="19" count="4" type="stmt"/>
          <line num="21" count="4" type="stmt"/>
          <line num="64" count="5" type="stmt"/>
          <line num="68" count="5" type="stmt"/>
          <line num="69" count="4" type="stmt"/>
          <line num="70" count="1" type="stmt"/>
        </file>
        <file name="Header.js" path="C:\Users\xas\Desktop\Nanodegree\Projetos\Readable\readable\src\components\Header.js">
          <metrics statements="7" coveredstatements="7" conditionals="0" coveredconditionals="0" methods="6" coveredmethods="6"/>
          <line num="9" count="2" type="stmt"/>
          <line num="10" count="8" type="stmt"/>
          <line num="13" count="1" type="stmt"/>
          <line num="20" count="1" type="stmt"/>
          <line num="30" count="9" type="stmt"/>
          <line num="31" count="1" type="stmt"/>
          <line num="32" count="1" type="stmt"/>
        </file>
      </package>
      <package name="src.components.posts">
        <metrics statements="128" coveredstatements="128" conditionals="37" coveredconditionals="37" methods="68" coveredmethods="68"/>
        <file name="CategoriesMenu.js" path="C:\Users\xas\Desktop\Nanodegree\Projetos\Readable\readable\src\components\posts\CategoriesMenu.js">
          <metrics statements="10" coveredstatements="10" conditionals="4" coveredconditionals="4" methods="7" coveredmethods="7"/>
          <line num="7" count="3" type="stmt"/>
          <line num="9" count="7" type="stmt"/>
          <line num="10" count="1" type="stmt"/>
          <line num="11" count="1" type="stmt"/>
          <line num="14" count="7" type="stmt"/>
          <line num="16" count="7" type="stmt"/>
          <line num="20" count="28" type="stmt"/>
          <line num="27" count="1" type="stmt"/>
          <line num="40" count="8" type="stmt"/>
          <line num="44" count="8" type="stmt"/>
        </file>
        <file name="Post.js" path="C:\Users\xas\Desktop\Nanodegree\Projetos\Readable\readable\src\components\posts\Post.js">
          <metrics statements="29" coveredstatements="29" conditionals="4" coveredconditionals="4" methods="17" coveredmethods="17"/>
          <line num="13" count="11" type="stmt"/>
          <line num="15" count="11" type="cond" truecount="2" falsecount="0"/>
          <line num="16" count="3" type="stmt"/>
          <line num="21" count="1" type="stmt"/>
          <line num="22" count="1" type="stmt"/>
          <line num="26" count="1" type="stmt"/>
          <line num="27" count="1" type="stmt"/>
          <line num="31" count="1" type="stmt"/>
          <line num="32" count="1" type="stmt"/>
          <line num="36" count="1" type="stmt"/>
          <line num="37" count="1" type="stmt"/>
          <line num="41" count="11" type="stmt"/>
          <line num="43" count="11" type="cond" truecount="2" falsecount="0"/>
          <line num="44" count="3" type="stmt"/>
          <line num="46" count="8" type="stmt"/>
          <line num="48" count="8" type="stmt"/>
          <line num="69" count="1" type="stmt"/>
          <line num="71" count="1" type="stmt"/>
          <line num="75" count="1" type="stmt"/>
          <line num="77" count="1" type="stmt"/>
          <line num="91" count="12" type="stmt"/>
          <line num="92" count="12" type="stmt"/>
          <line num="93" count="12" type="stmt"/>
          <line num="97" count="12" type="stmt"/>
          <line num="98" count="3" type="stmt"/>
          <line num="99" count="1" type="stmt"/>
          <line num="100" count="1" type="stmt"/>
          <line num="101" count="2" type="stmt"/>
          <line num="102" count="1" type="stmt"/>
        </file>
        <file name="PostDialog.js" path="C:\Users\xas\Desktop\Nanodegree\Projetos\Readable\readable\src\components\posts\PostDialog.js">
          <metrics statements="31" coveredstatements="31" conditionals="10" coveredconditionals="10" methods="14" coveredmethods="14"/>
          <line num="21" count="11" type="stmt"/>
          <line num="23" count="11" type="cond" truecount="2" falsecount="0"/>
          <line num="24" count="6" type="stmt"/>
          <line num="26" count="6" type="stmt"/>
          <line num="34" count="92" type="stmt"/>
          <line num="35" count="3" type="stmt"/>
          <line num="36" count="3" type="stmt"/>
          <line num="41" count="3" type="stmt"/>
          <line num="42" count="3" type="stmt"/>
          <line num="46" count="3" type="stmt"/>
          <line num="48" count="3" type="cond" truecount="6" falsecount="0"/>
          <line num="49" count="2" type="stmt"/>
          <line num="51" count="1" type="stmt"/>
          <line num="56" count="2" type="stmt"/>
          <line num="57" count="2" type="stmt"/>
          <line num="59" count="2" type="cond" truecount="2" falsecount="0"/>
          <line num="60" count="1" type="stmt"/>
          <line num="61" count="1" type="stmt"/>
          <line num="62" count="1" type="stmt"/>
          <line num="64" count="1" type="stmt"/>
          <line num="65" count="1" type="stmt"/>
          <line num="66" count="1" type="stmt"/>
          <line num="71" count="23" type="stmt"/>
          <line num="72" count="23" type="stmt"/>
          <line num="74" count="23" type="stmt"/>
          <line num="116" count="73" type="stmt"/>
          <line num="137" count="12" type="stmt"/>
          <line num="141" count="12" type="stmt"/>
          <line num="142" count="3" type="stmt"/>
          <line num="143" count="1" type="stmt"/>
          <line num="144" count="1" type="stmt"/>
        </file>
        <file name="PostPreview.js" path="C:\Users\xas\Desktop\Nanodegree\Projetos\Readable\readable\src\components\posts\PostPreview.js">
          <metrics statements="26" coveredstatements="26" conditionals="8" coveredconditionals="8" methods="15" coveredmethods="15"/>
          <line num="14" count="1" type="stmt"/>
          <line num="15" count="1" type="stmt"/>
          <line num="19" count="1" type="stmt"/>
          <line num="20" count="1" type="stmt"/>
          <line num="24" count="1" type="stmt"/>
          <line num="25" count="1" type="stmt"/>
          <line num="29" count="1" type="stmt"/>
          <line num="30" count="1" type="stmt"/>
          <line num="34" count="17" type="stmt"/>
          <line num="36" count="17" type="cond" truecount="2" falsecount="0"/>
          <line num="37" count="1" type="stmt"/>
          <line num="39" count="16" type="stmt"/>
          <line num="41" count="16" type="cond" truecount="4" falsecount="0"/>
          <line num="42" count="1" type="stmt"/>
          <line num="44" count="15" type="stmt"/>
          <line num="67" count="1" type="stmt"/>
          <line num="69" count="1" type="stmt"/>
          <line num="73" count="1" type="stmt"/>
          <line num="75" count="1" type="stmt"/>
          <line num="84" count="18" type="stmt"/>
          <line num="88" count="18" type="stmt"/>
          <line num="89" count="1" type="stmt"/>
          <line num="90" count="1" type="stmt"/>
          <line num="91" count="2" type="stmt"/>
          <line num="92" count="1" type="stmt"/>
          <line num="96" count="3" type="stmt"/>
        </file>
        <file name="PostsHome.js" path="C:\Users\xas\Desktop\Nanodegree\Projetos\Readable\readable\src\components\posts\PostsHome.js">
          <metrics statements="32" coveredstatements="32" conditionals="11" coveredconditionals="11" methods="15" coveredmethods="15"/>
          <line num="19" count="9" type="cond" truecount="1" falsecount="0"/>
          <line num="20" count="9" type="stmt"/>
          <line num="24" count="9" type="stmt"/>
          <line num="28" count="1" type="stmt"/>
          <line num="29" count="1" type="stmt"/>
          <line num="34" count="5" type="cond" truecount="2" falsecount="0"/>
          <line num="35" count="4" type="stmt"/>
          <line num="37" count="4" type="stmt"/>
          <line num="39" count="1" type="stmt"/>
          <line num="42" count="5" type="stmt"/>
          <line num="43" count="5" type="stmt"/>
          <line num="47" count="4" type="stmt"/>
          <line num="48" count="4" type="stmt"/>
          <line num="50" count="4" type="cond" truecount="4" falsecount="0"/>
          <line num="52" count="1" type="stmt"/>
          <line num="54" count="1" type="stmt"/>
          <line num="56" count="1" type="stmt"/>
          <line num="58" count="1" type="stmt"/>
          <line num="63" count="15" type="cond" truecount="2" falsecount="0"/>
          <line num="64" count="4" type="stmt"/>
          <line num="67" count="11" type="stmt"/>
          <line num="68" count="11" type="stmt"/>
          <line num="70" count="11" type="stmt"/>
          <line num="96" count="33" type="stmt"/>
          <line num="112" count="11" type="stmt"/>
          <line num="123" count="10" type="stmt"/>
          <line num="127" count="10" type="stmt"/>
          <line num="128" count="9" type="stmt"/>
          <line num="129" count="2" type="stmt"/>
          <line num="130" count="2" type="stmt"/>
          <line num="131" count="2" type="stmt"/>
          <line num="132" count="9" type="stmt"/>
        </file>
      </package>
      <package name="src.components.posts.comments">
        <metrics statements="75" coveredstatements="75" conditionals="14" coveredconditionals="14" methods="37" coveredmethods="37"/>
        <file name="Comment.js" path="C:\Users\xas\Desktop\Nanodegree\Projetos\Readable\readable\src\components\posts\comments\Comment.js">
          <metrics statements="25" coveredstatements="25" conditionals="0" coveredconditionals="0" methods="14" coveredmethods="14"/>
          <line num="14" count="4" type="stmt"/>
          <line num="22" count="14" type="stmt"/>
          <line num="24" count="14" type="stmt"/>
          <line num="25" count="1" type="stmt"/>
          <line num="26" count="1" type="stmt"/>
          <line num="29" count="14" type="stmt"/>
          <line num="30" count="1" type="stmt"/>
          <line num="31" count="1" type="stmt"/>
          <line num="34" count="14" type="stmt"/>
          <line num="35" count="1" type="stmt"/>
          <line num="36" count="1" type="stmt"/>
          <line num="39" count="14" type="stmt"/>
          <line num="40" count="1" type="stmt"/>
          <line num="41" count="1" type="stmt"/>
          <line num="44" count="14" type="stmt"/>
          <line num="54" count="1" type="stmt"/>
          <line num="56" count="1" type="stmt"/>
          <line num="60" count="1" type="stmt"/>
          <line num="62" count="1" type="stmt"/>
          <line num="70" count="15" type="stmt"/>
          <line num="71" count="1" type="stmt"/>
          <line num="72" count="1" type="stmt"/>
          <line num="73" count="2" type="stmt"/>
          <line num="74" count="1" type="stmt"/>
          <line num="78" count="4" type="stmt"/>
        </file>
        <file name="CommentDialog.js" path="C:\Users\xas\Desktop\Nanodegree\Projetos\Readable\readable\src\components\posts\comments\CommentDialog.js">
          <metrics statements="33" coveredstatements="33" conditionals="8" coveredconditionals="8" methods="13" coveredmethods="13"/>
          <line num="21" count="9" type="stmt"/>
          <line num="23" count="9" type="cond" truecount="2" falsecount="0"/>
          <line num="24" count="5" type="stmt"/>
          <line num="26" count="5" type="stmt"/>
          <line num="35" count="36" type="stmt"/>
          <line num="36" count="2" type="stmt"/>
          <line num="37" count="2" type="stmt"/>
          <line num="39" count="2" type="stmt"/>
          <line num="43" count="3" type="stmt"/>
          <line num="44" count="3" type="stmt"/>
          <line num="48" count="2" type="stmt"/>
          <line num="50" count="2" type="cond" truecount="4" falsecount="0"/>
          <line num="51" count="1" type="stmt"/>
          <line num="53" count="1" type="stmt"/>
          <line num="58" count="2" type="stmt"/>
          <line num="59" count="2" type="stmt"/>
          <line num="60" count="2" type="stmt"/>
          <line num="62" count="2" type="cond" truecount="2" falsecount="0"/>
          <line num="63" count="1" type="stmt"/>
          <line num="64" count="1" type="stmt"/>
          <line num="65" count="1" type="stmt"/>
          <line num="67" count="1" type="stmt"/>
          <line num="68" count="1" type="stmt"/>
          <line num="69" count="1" type="stmt"/>
          <line num="74" count="18" type="stmt"/>
          <line num="75" count="18" type="stmt"/>
          <line num="77" count="18" type="stmt"/>
          <line num="115" count="10" type="stmt"/>
          <line num="119" count="10" type="stmt"/>
          <line num="120" count="3" type="stmt"/>
          <line num="121" count="1" type="stmt"/>
          <line num="122" count="1" type="stmt"/>
          <line num="126" count="4" type="stmt"/>
        </file>
        <file name="index.js" path="C:\Users\xas\Desktop\Nanodegree\Projetos\Readable\readable\src\components\posts\comments\index.js">
          <metrics statements="17" coveredstatements="17" conditionals="6" coveredconditionals="6" methods="10" coveredmethods="10"/>
          <line num="14" count="11" type="stmt"/>
          <line num="18" count="1" type="stmt"/>
          <line num="19" count="1" type="stmt"/>
          <line num="23" count="11" type="stmt"/>
          <line num="24" count="11" type="stmt"/>
          <line num="26" count="11" type="stmt"/>
          <line num="36" count="3" type="stmt"/>
          <line num="39" count="1" type="stmt"/>
          <line num="54" count="12" type="stmt"/>
          <line num="56" count="12" type="stmt"/>
          <line num="57" count="4" type="cond" truecount="2" falsecount="0"/>
          <line num="58" count="3" type="stmt"/>
          <line num="61" count="12" type="stmt"/>
          <line num="68" count="12" type="stmt"/>
          <line num="69" count="11" type="stmt"/>
          <line num="70" count="1" type="stmt"/>
          <line num="74" count="3" type="stmt"/>
        </file>
      </package>
      <package name="src.reducers">
        <metrics statements="49" coveredstatements="49" conditionals="45" coveredconditionals="45" methods="9" coveredmethods="9"/>
        <file name="categoriesReducer.js" path="C:\Users\xas\Desktop\Nanodegree\Projetos\Readable\readable\src\reducers\categoriesReducer.js">
          <metrics statements="4" coveredstatements="4" conditionals="3" coveredconditionals="3" methods="2" coveredmethods="2"/>
          <line num="4" count="2" type="cond" truecount="2" falsecount="0"/>
          <line num="6" count="1" type="stmt"/>
          <line num="9" count="1" type="stmt"/>
          <line num="13" count="1" type="stmt"/>
        </file>
        <file name="commentModalReducer.js" path="C:\Users\xas\Desktop\Nanodegree\Projetos\Readable\readable\src\reducers\commentModalReducer.js">
          <metrics statements="5" coveredstatements="5" conditionals="5" coveredconditionals="5" methods="1" coveredmethods="1"/>
          <line num="3" count="1" type="stmt"/>
          <line num="9" count="3" type="cond" truecount="2" falsecount="0"/>
          <line num="11" count="2" type="cond" truecount="2" falsecount="0"/>
          <line num="12" count="2" type="stmt"/>
          <line num="15" count="1" type="stmt"/>
        </file>
        <file name="commentsReducer.js" path="C:\Users\xas\Desktop\Nanodegree\Projetos\Readable\readable\src\reducers\commentsReducer.js">
          <metrics statements="9" coveredstatements="9" conditionals="8" coveredconditionals="8" methods="1" coveredmethods="1"/>
          <line num="12" count="7" type="cond" truecount="7" falsecount="0"/>
          <line num="14" count="1" type="stmt"/>
          <line num="15" count="1" type="stmt"/>
          <line num="19" count="2" type="stmt"/>
          <line num="23" count="2" type="stmt"/>
          <line num="24" count="2" type="stmt"/>
          <line num="25" count="2" type="stmt"/>
          <line num="28" count="1" type="stmt"/>
          <line num="31" count="1" type="stmt"/>
        </file>
        <file name="currentCategoryReducer.js" path="C:\Users\xas\Desktop\Nanodegree\Projetos\Readable\readable\src\reducers\currentCategoryReducer.js">
          <metrics statements="3" coveredstatements="3" conditionals="3" coveredconditionals="3" methods="1" coveredmethods="1"/>
          <line num="4" count="2" type="cond" truecount="2" falsecount="0"/>
          <line num="6" count="1" type="stmt"/>
          <line num="9" count="1" type="stmt"/>
        </file>
        <file name="modalReducer.js" path="C:\Users\xas\Desktop\Nanodegree\Projetos\Readable\readable\src\reducers\modalReducer.js">
          <metrics statements="5" coveredstatements="5" conditionals="5" coveredconditionals="5" methods="1" coveredmethods="1"/>
          <line num="3" count="1" type="stmt"/>
          <line num="9" count="3" type="cond" truecount="2" falsecount="0"/>
          <line num="11" count="2" type="cond" truecount="2" falsecount="0"/>
          <line num="12" count="2" type="stmt"/>
          <line num="15" count="1" type="stmt"/>
        </file>
        <file name="postsReducer.js" path="C:\Users\xas\Desktop\Nanodegree\Projetos\Readable\readable\src\reducers\postsReducer.js">
          <metrics statements="13" coveredstatements="13" conditionals="12" coveredconditionals="12" methods="2" coveredmethods="2"/>
          <line num="16" count="11" type="cond" truecount="11" falsecount="0"/>
          <line num="18" count="1" type="stmt"/>
          <line num="19" count="1" type="stmt"/>
          <line num="20" count="1" type="stmt"/>
          <line num="27" count="5" type="stmt"/>
          <line num="30" count="1" type="stmt"/>
          <line num="33" count="1" type="stmt"/>
          <line num="34" count="1" type="stmt"/>
          <line num="37" count="1" type="stmt"/>
          <line num="38" count="1" type="stmt"/>
          <line num="41" count="2" type="stmt"/>
          <line num="42" count="1" type="stmt"/>
          <line num="45" count="1" type="stmt"/>
        </file>
        <file name="snackbarReducer.js" path="C:\Users\xas\Desktop\Nanodegree\Projetos\Readable\readable\src\reducers\snackbarReducer.js">
          <metrics statements="10" coveredstatements="10" conditionals="9" coveredconditionals="9" methods="1" coveredmethods="1"/>
          <line num="11" count="1" type="stmt"/>
          <line num="17" count="8" type="cond" truecount="8" falsecount="0"/>
          <line num="19" count="1" type="stmt"/>
          <line num="22" count="1" type="stmt"/>
          <line num="25" count="1" type="stmt"/>
          <line num="28" count="1" type="stmt"/>
          <line num="31" count="1" type="stmt"/>
          <line num="34" count="1" type="stmt"/>
          <line num="37" count="1" type="stmt"/>
          <line num="40" count="1" type="stmt"/>
        </file>
      </package>
      <package name="src.utils">
        <metrics statements="6" coveredstatements="6" conditionals="2" coveredconditionals="2" methods="2" coveredmethods="2"/>
        <file name="helpers.js" path="C:\Users\xas\Desktop\Nanodegree\Projetos\Readable\readable\src\utils\helpers.js">
          <metrics statements="6" coveredstatements="6" conditionals="2" coveredconditionals="2" methods="2" coveredmethods="2"/>
          <line num="4" count="37" type="stmt"/>
          <line num="5" count="37" type="stmt"/>
          <line num="6" count="37" type="stmt"/>
          <line num="7" count="37" type="stmt"/>
          <line num="11" count="37" type="cond" truecount="2" falsecount="0"/>
          <line num="12" count="37" type="stmt"/>
        </file>
      </package>
      <package name="src.utils.api">
        <metrics statements="44" coveredstatements="44" conditionals="0" coveredconditionals="0" methods="23" coveredmethods="23"/>
        <file name="categories.js" path="C:\Users\xas\Desktop\Nanodegree\Projetos\Readable\readable\src\utils\api\categories.js">
          <metrics statements="7" coveredstatements="7" conditionals="0" coveredconditionals="0" methods="3" coveredmethods="3"/>
          <line num="2" count="7" type="stmt"/>
          <line num="4" count="7" type="stmt"/>
          <line num="6" count="7" type="stmt"/>
          <line num="11" count="7" type="stmt"/>
          <line num="12" count="5" type="stmt"/>
          <line num="13" count="5" type="stmt"/>
          <line num="14" count="5" type="stmt"/>
        </file>
        <file name="comments.js" path="C:\Users\xas\Desktop\Nanodegree\Projetos\Readable\readable\src\utils\api\comments.js">
          <metrics statements="17" coveredstatements="17" conditionals="0" coveredconditionals="0" methods="9" coveredmethods="9"/>
          <line num="3" count="5" type="stmt"/>
          <line num="5" count="5" type="stmt"/>
          <line num="7" count="5" type="stmt"/>
          <line num="12" count="5" type="stmt"/>
          <line num="13" count="11" type="stmt"/>
          <line num="14" count="8" type="stmt"/>
          <line num="16" count="5" type="stmt"/>
          <line num="17" count="4" type="stmt"/>
          <line num="24" count="4" type="stmt"/>
          <line num="26" count="5" type="stmt"/>
          <line num="27" count="2" type="stmt"/>
          <line num="34" count="1" type="stmt"/>
          <line num="36" count="5" type="stmt"/>
          <line num="37" count="2" type="stmt"/>
          <line num="48" count="1" type="stmt"/>
          <line num="50" count="5" type="stmt"/>
          <line num="51" count="2" type="stmt"/>
        </file>
        <file name="posts.js" path="C:\Users\xas\Desktop\Nanodegree\Projetos\Readable\readable\src\utils\api\posts.js">
          <metrics statements="20" coveredstatements="20" conditionals="0" coveredconditionals="0" methods="11" coveredmethods="11"/>
          <line num="3" count="7" type="stmt"/>
          <line num="5" count="7" type="stmt"/>
          <line num="7" count="7" type="stmt"/>
          <line num="12" count="7" type="stmt"/>
          <line num="13" count="4" type="stmt"/>
          <line num="14" count="3" type="stmt"/>
          <line num="16" count="7" type="stmt"/>
          <line num="17" count="9" type="stmt"/>
          <line num="18" count="4" type="stmt"/>
          <line num="20" count="7" type="stmt"/>
          <line num="21" count="4" type="stmt"/>
          <line num="28" count="2" type="stmt"/>
          <line num="30" count="7" type="stmt"/>
          <line num="31" count="2" type="stmt"/>
          <line num="42" count="1" type="stmt"/>
          <line num="44" count="7" type="stmt"/>
          <line num="45" count="2" type="stmt"/>
          <line num="52" count="1" type="stmt"/>
          <line num="54" count="7" type="stmt"/>
          <line num="55" count="2" type="stmt"/>
        </file>
      </package>
    </metrics>
  </project>
</coverage>
