{"C:\\Users\\xas\\Desktop\\Nanodegree\\Projetos\\Readable\\readable\\src\\setupTests.js": {"path":"C:\\Users\\xas\\Desktop\\Nanodegree\\Projetos\\Readable\\readable\\src\\setupTests.js","statementMap":{"0":{"start":{"line":4,"column":0},"end":{"line":4,"column":44}}},"fnMap":{},"branchMap":{},"s":{"0":17},"f":{},"b":{},"_coverageSchema":"332fd63041d2c1bcb487cc26dd0d5f7d97098a6c","hash":"a946cf4563e055e6599af533bd97025d0ed047d9"}
,"C:\\Users\\xas\\Desktop\\Nanodegree\\Projetos\\Readable\\readable\\src\\actions\\commentActions.js": {"path":"C:\\Users\\xas\\Desktop\\Nanodegree\\Projetos\\Readable\\readable\\src\\actions\\commentActions.js","statementMap":{"0":{"start":{"line":13,"column":27},"end":{"line":19,"column":1}},"1":{"start":{"line":13,"column":39},"end":{"line":19,"column":1}},"2":{"start":{"line":14,"column":3},"end":{"line":18,"column":9}},"3":{"start":{"line":15,"column":26},"end":{"line":18,"column":8}},"4":{"start":{"line":21,"column":29},"end":{"line":27,"column":1}},"5":{"start":{"line":21,"column":37},"end":{"line":27,"column":1}},"6":{"start":{"line":22,"column":3},"end":{"line":26,"column":9}},"7":{"start":{"line":23,"column":19},"end":{"line":26,"column":8}},"8":{"start":{"line":29,"column":31},"end":{"line":35,"column":1}},"9":{"start":{"line":29,"column":39},"end":{"line":35,"column":1}},"10":{"start":{"line":30,"column":3},"end":{"line":34,"column":9}},"11":{"start":{"line":31,"column":19},"end":{"line":34,"column":8}},"12":{"start":{"line":37,"column":29},"end":{"line":43,"column":1}},"13":{"start":{"line":37,"column":46},"end":{"line":43,"column":1}},"14":{"start":{"line":38,"column":3},"end":{"line":42,"column":9}},"15":{"start":{"line":39,"column":21},"end":{"line":42,"column":8}},"16":{"start":{"line":46,"column":3},"end":{"line":49,"column":4}},"17":{"start":{"line":52,"column":29},"end":{"line":58,"column":1}},"18":{"start":{"line":52,"column":42},"end":{"line":58,"column":1}},"19":{"start":{"line":53,"column":3},"end":{"line":57,"column":9}},"20":{"start":{"line":54,"column":19},"end":{"line":57,"column":8}},"21":{"start":{"line":60,"column":29},"end":{"line":66,"column":1}},"22":{"start":{"line":60,"column":37},"end":{"line":66,"column":1}},"23":{"start":{"line":61,"column":3},"end":{"line":65,"column":9}},"24":{"start":{"line":62,"column":18},"end":{"line":65,"column":8}}},"fnMap":{"0":{"name":"(anonymous_0)","decl":{"start":{"line":13,"column":27},"end":{"line":13,"column":28}},"loc":{"start":{"line":13,"column":39},"end":{"line":19,"column":1}},"line":13},"1":{"name":"(anonymous_1)","decl":{"start":{"line":13,"column":39},"end":{"line":13,"column":40}},"loc":{"start":{"line":14,"column":3},"end":{"line":18,"column":9}},"line":14},"2":{"name":"(anonymous_2)","decl":{"start":{"line":15,"column":12},"end":{"line":15,"column":13}},"loc":{"start":{"line":15,"column":26},"end":{"line":18,"column":8}},"line":15},"3":{"name":"(anonymous_3)","decl":{"start":{"line":21,"column":29},"end":{"line":21,"column":30}},"loc":{"start":{"line":21,"column":37},"end":{"line":27,"column":1}},"line":21},"4":{"name":"(anonymous_4)","decl":{"start":{"line":21,"column":37},"end":{"line":21,"column":38}},"loc":{"start":{"line":22,"column":3},"end":{"line":26,"column":9}},"line":22},"5":{"name":"(anonymous_5)","decl":{"start":{"line":23,"column":12},"end":{"line":23,"column":13}},"loc":{"start":{"line":23,"column":19},"end":{"line":26,"column":8}},"line":23},"6":{"name":"(anonymous_6)","decl":{"start":{"line":29,"column":31},"end":{"line":29,"column":32}},"loc":{"start":{"line":29,"column":39},"end":{"line":35,"column":1}},"line":29},"7":{"name":"(anonymous_7)","decl":{"start":{"line":29,"column":39},"end":{"line":29,"column":40}},"loc":{"start":{"line":30,"column":3},"end":{"line":34,"column":9}},"line":30},"8":{"name":"(anonymous_8)","decl":{"start":{"line":31,"column":12},"end":{"line":31,"column":13}},"loc":{"start":{"line":31,"column":19},"end":{"line":34,"column":8}},"line":31},"9":{"name":"(anonymous_9)","decl":{"start":{"line":37,"column":29},"end":{"line":37,"column":30}},"loc":{"start":{"line":37,"column":46},"end":{"line":43,"column":1}},"line":37},"10":{"name":"(anonymous_10)","decl":{"start":{"line":37,"column":46},"end":{"line":37,"column":47}},"loc":{"start":{"line":38,"column":3},"end":{"line":42,"column":9}},"line":38},"11":{"name":"(anonymous_11)","decl":{"start":{"line":39,"column":12},"end":{"line":39,"column":13}},"loc":{"start":{"line":39,"column":21},"end":{"line":42,"column":8}},"line":39},"12":{"name":"openCommentModal","decl":{"start":{"line":45,"column":16},"end":{"line":45,"column":32}},"loc":{"start":{"line":45,"column":44},"end":{"line":50,"column":1}},"line":45},"13":{"name":"(anonymous_13)","decl":{"start":{"line":52,"column":29},"end":{"line":52,"column":30}},"loc":{"start":{"line":52,"column":42},"end":{"line":58,"column":1}},"line":52},"14":{"name":"(anonymous_14)","decl":{"start":{"line":52,"column":42},"end":{"line":52,"column":43}},"loc":{"start":{"line":53,"column":3},"end":{"line":57,"column":9}},"line":53},"15":{"name":"(anonymous_15)","decl":{"start":{"line":54,"column":12},"end":{"line":54,"column":13}},"loc":{"start":{"line":54,"column":19},"end":{"line":57,"column":8}},"line":54},"16":{"name":"(anonymous_16)","decl":{"start":{"line":60,"column":29},"end":{"line":60,"column":30}},"loc":{"start":{"line":60,"column":37},"end":{"line":66,"column":1}},"line":60},"17":{"name":"(anonymous_17)","decl":{"start":{"line":60,"column":37},"end":{"line":60,"column":38}},"loc":{"start":{"line":61,"column":3},"end":{"line":65,"column":9}},"line":61},"18":{"name":"(anonymous_18)","decl":{"start":{"line":62,"column":12},"end":{"line":62,"column":13}},"loc":{"start":{"line":62,"column":18},"end":{"line":65,"column":8}},"line":62}},"branchMap":{},"s":{"0":5,"1":11,"2":11,"3":8,"4":5,"5":2,"6":2,"7":2,"8":5,"9":2,"10":2,"11":2,"12":5,"13":2,"14":2,"15":1,"16":6,"17":5,"18":2,"19":2,"20":1,"21":5,"22":2,"23":2,"24":2},"f":{"0":11,"1":11,"2":8,"3":2,"4":2,"5":2,"6":2,"7":2,"8":2,"9":2,"10":2,"11":1,"12":6,"13":2,"14":2,"15":1,"16":2,"17":2,"18":2},"b":{},"_coverageSchema":"332fd63041d2c1bcb487cc26dd0d5f7d97098a6c","hash":"f1148ae9190cb65e47841358d8fb84fc7de500c3"}
,"C:\\Users\\xas\\Desktop\\Nanodegree\\Projetos\\Readable\\readable\\src\\actions\\index.js": {"path":"C:\\Users\\xas\\Desktop\\Nanodegree\\Projetos\\Readable\\readable\\src\\actions\\index.js","statementMap":{"0":{"start":{"line":22,"column":3},"end":{"line":25,"column":4}},"1":{"start":{"line":29,"column":3},"end":{"line":29,"column":34}},"2":{"start":{"line":33,"column":3},"end":{"line":33,"column":34}},"3":{"start":{"line":37,"column":3},"end":{"line":37,"column":32}},"4":{"start":{"line":41,"column":3},"end":{"line":41,"column":33}},"5":{"start":{"line":45,"column":3},"end":{"line":48,"column":4}},"6":{"start":{"line":51,"column":31},"end":{"line":57,"column":1}},"7":{"start":{"line":51,"column":37},"end":{"line":57,"column":1}},"8":{"start":{"line":52,"column":3},"end":{"line":56,"column":9}},"9":{"start":{"line":53,"column":26},"end":{"line":56,"column":8}},"10":{"start":{"line":59,"column":25},"end":{"line":65,"column":1}},"11":{"start":{"line":59,"column":33},"end":{"line":65,"column":1}},"12":{"start":{"line":60,"column":3},"end":{"line":64,"column":9}},"13":{"start":{"line":61,"column":20},"end":{"line":64,"column":8}},"14":{"start":{"line":67,"column":26},"end":{"line":73,"column":1}},"15":{"start":{"line":67,"column":32},"end":{"line":73,"column":1}},"16":{"start":{"line":68,"column":3},"end":{"line":72,"column":9}},"17":{"start":{"line":69,"column":21},"end":{"line":72,"column":8}},"18":{"start":{"line":75,"column":22},"end":{"line":81,"column":1}},"19":{"start":{"line":75,"column":30},"end":{"line":81,"column":1}},"20":{"start":{"line":76,"column":3},"end":{"line":80,"column":9}},"21":{"start":{"line":77,"column":19},"end":{"line":80,"column":8}},"22":{"start":{"line":83,"column":24},"end":{"line":89,"column":1}},"23":{"start":{"line":83,"column":32},"end":{"line":89,"column":1}},"24":{"start":{"line":84,"column":3},"end":{"line":88,"column":9}},"25":{"start":{"line":85,"column":19},"end":{"line":88,"column":8}},"26":{"start":{"line":91,"column":26},"end":{"line":97,"column":1}},"27":{"start":{"line":91,"column":36},"end":{"line":97,"column":1}},"28":{"start":{"line":92,"column":3},"end":{"line":96,"column":9}},"29":{"start":{"line":93,"column":19},"end":{"line":96,"column":8}},"30":{"start":{"line":99,"column":26},"end":{"line":105,"column":1}},"31":{"start":{"line":99,"column":40},"end":{"line":105,"column":1}},"32":{"start":{"line":100,"column":3},"end":{"line":104,"column":9}},"33":{"start":{"line":101,"column":21},"end":{"line":104,"column":8}},"34":{"start":{"line":107,"column":26},"end":{"line":113,"column":1}},"35":{"start":{"line":107,"column":34},"end":{"line":113,"column":1}},"36":{"start":{"line":108,"column":3},"end":{"line":112,"column":9}},"37":{"start":{"line":109,"column":18},"end":{"line":112,"column":8}}},"fnMap":{"0":{"name":"openModal","decl":{"start":{"line":21,"column":16},"end":{"line":21,"column":25}},"loc":{"start":{"line":21,"column":34},"end":{"line":26,"column":1}},"line":21},"1":{"name":"closeSnackbar","decl":{"start":{"line":28,"column":16},"end":{"line":28,"column":29}},"loc":{"start":{"line":28,"column":32},"end":{"line":30,"column":1}},"line":28},"2":{"name":"sortByRating","decl":{"start":{"line":32,"column":16},"end":{"line":32,"column":28}},"loc":{"start":{"line":32,"column":31},"end":{"line":34,"column":1}},"line":32},"3":{"name":"sortByDate","decl":{"start":{"line":36,"column":16},"end":{"line":36,"column":26}},"loc":{"start":{"line":36,"column":29},"end":{"line":38,"column":1}},"line":36},"4":{"name":"sortByTitle","decl":{"start":{"line":40,"column":16},"end":{"line":40,"column":27}},"loc":{"start":{"line":40,"column":30},"end":{"line":42,"column":1}},"line":40},"5":{"name":"changeCurrentCategory","decl":{"start":{"line":44,"column":16},"end":{"line":44,"column":37}},"loc":{"start":{"line":44,"column":48},"end":{"line":49,"column":1}},"line":44},"6":{"name":"(anonymous_6)","decl":{"start":{"line":51,"column":31},"end":{"line":51,"column":32}},"loc":{"start":{"line":51,"column":37},"end":{"line":57,"column":1}},"line":51},"7":{"name":"(anonymous_7)","decl":{"start":{"line":51,"column":37},"end":{"line":51,"column":38}},"loc":{"start":{"line":52,"column":3},"end":{"line":56,"column":9}},"line":52},"8":{"name":"(anonymous_8)","decl":{"start":{"line":53,"column":12},"end":{"line":53,"column":13}},"loc":{"start":{"line":53,"column":26},"end":{"line":56,"column":8}},"line":53},"9":{"name":"(anonymous_9)","decl":{"start":{"line":59,"column":25},"end":{"line":59,"column":26}},"loc":{"start":{"line":59,"column":33},"end":{"line":65,"column":1}},"line":59},"10":{"name":"(anonymous_10)","decl":{"start":{"line":59,"column":33},"end":{"line":59,"column":34}},"loc":{"start":{"line":60,"column":3},"end":{"line":64,"column":9}},"line":60},"11":{"name":"(anonymous_11)","decl":{"start":{"line":61,"column":12},"end":{"line":61,"column":13}},"loc":{"start":{"line":61,"column":20},"end":{"line":64,"column":8}},"line":61},"12":{"name":"(anonymous_12)","decl":{"start":{"line":67,"column":26},"end":{"line":67,"column":27}},"loc":{"start":{"line":67,"column":32},"end":{"line":73,"column":1}},"line":67},"13":{"name":"(anonymous_13)","decl":{"start":{"line":67,"column":32},"end":{"line":67,"column":33}},"loc":{"start":{"line":68,"column":3},"end":{"line":72,"column":9}},"line":68},"14":{"name":"(anonymous_14)","decl":{"start":{"line":69,"column":12},"end":{"line":69,"column":13}},"loc":{"start":{"line":69,"column":21},"end":{"line":72,"column":8}},"line":69},"15":{"name":"(anonymous_15)","decl":{"start":{"line":75,"column":22},"end":{"line":75,"column":23}},"loc":{"start":{"line":75,"column":30},"end":{"line":81,"column":1}},"line":75},"16":{"name":"(anonymous_16)","decl":{"start":{"line":75,"column":30},"end":{"line":75,"column":31}},"loc":{"start":{"line":76,"column":3},"end":{"line":80,"column":9}},"line":76},"17":{"name":"(anonymous_17)","decl":{"start":{"line":77,"column":12},"end":{"line":77,"column":13}},"loc":{"start":{"line":77,"column":19},"end":{"line":80,"column":8}},"line":77},"18":{"name":"(anonymous_18)","decl":{"start":{"line":83,"column":24},"end":{"line":83,"column":25}},"loc":{"start":{"line":83,"column":32},"end":{"line":89,"column":1}},"line":83},"19":{"name":"(anonymous_19)","decl":{"start":{"line":83,"column":32},"end":{"line":83,"column":33}},"loc":{"start":{"line":84,"column":3},"end":{"line":88,"column":9}},"line":84},"20":{"name":"(anonymous_20)","decl":{"start":{"line":85,"column":12},"end":{"line":85,"column":13}},"loc":{"start":{"line":85,"column":19},"end":{"line":88,"column":8}},"line":85},"21":{"name":"(anonymous_21)","decl":{"start":{"line":91,"column":26},"end":{"line":91,"column":27}},"loc":{"start":{"line":91,"column":36},"end":{"line":97,"column":1}},"line":91},"22":{"name":"(anonymous_22)","decl":{"start":{"line":91,"column":36},"end":{"line":91,"column":37}},"loc":{"start":{"line":92,"column":3},"end":{"line":96,"column":9}},"line":92},"23":{"name":"(anonymous_23)","decl":{"start":{"line":93,"column":12},"end":{"line":93,"column":13}},"loc":{"start":{"line":93,"column":19},"end":{"line":96,"column":8}},"line":93},"24":{"name":"(anonymous_24)","decl":{"start":{"line":99,"column":26},"end":{"line":99,"column":27}},"loc":{"start":{"line":99,"column":40},"end":{"line":105,"column":1}},"line":99},"25":{"name":"(anonymous_25)","decl":{"start":{"line":99,"column":40},"end":{"line":99,"column":41}},"loc":{"start":{"line":100,"column":3},"end":{"line":104,"column":9}},"line":100},"26":{"name":"(anonymous_26)","decl":{"start":{"line":101,"column":12},"end":{"line":101,"column":13}},"loc":{"start":{"line":101,"column":21},"end":{"line":104,"column":8}},"line":101},"27":{"name":"(anonymous_27)","decl":{"start":{"line":107,"column":26},"end":{"line":107,"column":27}},"loc":{"start":{"line":107,"column":34},"end":{"line":113,"column":1}},"line":107},"28":{"name":"(anonymous_28)","decl":{"start":{"line":107,"column":34},"end":{"line":107,"column":35}},"loc":{"start":{"line":108,"column":3},"end":{"line":112,"column":9}},"line":108},"29":{"name":"(anonymous_29)","decl":{"start":{"line":109,"column":12},"end":{"line":109,"column":13}},"loc":{"start":{"line":109,"column":18},"end":{"line":112,"column":8}},"line":109}},"branchMap":{},"s":{"0":8,"1":1,"2":2,"3":2,"4":2,"5":11,"6":7,"7":5,"8":5,"9":5,"10":7,"11":4,"12":4,"13":3,"14":7,"15":9,"16":9,"17":4,"18":7,"19":2,"20":2,"21":1,"22":7,"23":2,"24":2,"25":1,"26":7,"27":2,"28":2,"29":1,"30":7,"31":2,"32":2,"33":1,"34":7,"35":2,"36":2,"37":1},"f":{"0":8,"1":1,"2":2,"3":2,"4":2,"5":11,"6":5,"7":5,"8":5,"9":4,"10":4,"11":3,"12":9,"13":9,"14":4,"15":2,"16":2,"17":1,"18":2,"19":2,"20":1,"21":2,"22":2,"23":1,"24":2,"25":2,"26":1,"27":2,"28":2,"29":1},"b":{},"_coverageSchema":"332fd63041d2c1bcb487cc26dd0d5f7d97098a6c","hash":"1ad6c5f9647bc5548b79b209ac762d3b301a8b17"}
,"C:\\Users\\xas\\Desktop\\Nanodegree\\Projetos\\Readable\\readable\\src\\actions\\types.js": {"path":"C:\\Users\\xas\\Desktop\\Nanodegree\\Projetos\\Readable\\readable\\src\\actions\\types.js","statementMap":{"0":{"start":{"line":1,"column":26},"end":{"line":1,"column":38}},"1":{"start":{"line":2,"column":30},"end":{"line":2,"column":46}},"2":{"start":{"line":3,"column":32},"end":{"line":3,"column":50}},"3":{"start":{"line":4,"column":26},"end":{"line":4,"column":38}},"4":{"start":{"line":5,"column":24},"end":{"line":5,"column":34}},"5":{"start":{"line":6,"column":25},"end":{"line":6,"column":36}},"6":{"start":{"line":7,"column":23},"end":{"line":7,"column":32}},"7":{"start":{"line":8,"column":25},"end":{"line":8,"column":36}},"8":{"start":{"line":9,"column":27},"end":{"line":9,"column":40}},"9":{"start":{"line":10,"column":27},"end":{"line":10,"column":40}},"10":{"start":{"line":11,"column":27},"end":{"line":11,"column":40}},"11":{"start":{"line":12,"column":30},"end":{"line":12,"column":46}},"12":{"start":{"line":13,"column":28},"end":{"line":13,"column":42}},"13":{"start":{"line":14,"column":29},"end":{"line":14,"column":44}},"14":{"start":{"line":15,"column":28},"end":{"line":15,"column":42}},"15":{"start":{"line":16,"column":31},"end":{"line":16,"column":48}},"16":{"start":{"line":17,"column":33},"end":{"line":17,"column":52}},"17":{"start":{"line":18,"column":30},"end":{"line":18,"column":46}},"18":{"start":{"line":19,"column":34},"end":{"line":19,"column":54}},"19":{"start":{"line":20,"column":30},"end":{"line":20,"column":46}},"20":{"start":{"line":21,"column":30},"end":{"line":21,"column":46}}},"fnMap":{},"branchMap":{},"s":{"0":17,"1":17,"2":17,"3":17,"4":17,"5":17,"6":17,"7":17,"8":17,"9":17,"10":17,"11":17,"12":17,"13":17,"14":17,"15":17,"16":17,"17":17,"18":17,"19":17,"20":17},"f":{},"b":{},"_coverageSchema":"332fd63041d2c1bcb487cc26dd0d5f7d97098a6c","hash":"ab05fb8ed0761094bcad18ce6fe4b0982727a6b4"}
,"C:\\Users\\xas\\Desktop\\Nanodegree\\Projetos\\Readable\\readable\\src\\components\\App.js": {"path":"C:\\Users\\xas\\Desktop\\Nanodegree\\Projetos\\Readable\\readable\\src\\components\\App.js","statementMap":{"0":{"start":{"line":15,"column":6},"end":{"line":15,"column":34}},"1":{"start":{"line":19,"column":53},"end":{"line":19,"column":63}},"2":{"start":{"line":21,"column":6},"end":{"line":59,"column":7}},"3":{"start":{"line":64,"column":3},"end":{"line":64,"column":33}},"4":{"start":{"line":68,"column":3},"end":{"line":71,"column":4}},"5":{"start":{"line":69,"column":29},"end":{"line":69,"column":56}},"6":{"start":{"line":70,"column":27},"end":{"line":70,"column":52}}},"fnMap":{"0":{"name":"(anonymous_0)","decl":{"start":{"line":14,"column":3},"end":{"line":14,"column":4}},"loc":{"start":{"line":14,"column":23},"end":{"line":16,"column":4}},"line":14},"1":{"name":"(anonymous_1)","decl":{"start":{"line":18,"column":3},"end":{"line":18,"column":4}},"loc":{"start":{"line":18,"column":12},"end":{"line":60,"column":4}},"line":18},"2":{"name":"mapStateToProps","decl":{"start":{"line":63,"column":9},"end":{"line":63,"column":24}},"loc":{"start":{"line":63,"column":50},"end":{"line":65,"column":1}},"line":63},"3":{"name":"mapDispatchToProps","decl":{"start":{"line":67,"column":9},"end":{"line":67,"column":27}},"loc":{"start":{"line":67,"column":38},"end":{"line":72,"column":1}},"line":67},"4":{"name":"(anonymous_4)","decl":{"start":{"line":69,"column":23},"end":{"line":69,"column":24}},"loc":{"start":{"line":69,"column":29},"end":{"line":69,"column":56}},"line":69},"5":{"name":"(anonymous_5)","decl":{"start":{"line":70,"column":21},"end":{"line":70,"column":22}},"loc":{"start":{"line":70,"column":27},"end":{"line":70,"column":52}},"line":70}},"branchMap":{"0":{"loc":{"start":{"line":35,"column":13},"end":{"line":36,"column":29}},"type":"binary-expr","locations":[{"start":{"line":35,"column":13},"end":{"line":35,"column":27}},{"start":{"line":36,"column":15},"end":{"line":36,"column":29}}],"line":35}},"s":{"0":4,"1":4,"2":4,"3":5,"4":5,"5":4,"6":1},"f":{"0":4,"1":4,"2":5,"3":5,"4":4,"5":1},"b":{"0":[4,4]},"_coverageSchema":"332fd63041d2c1bcb487cc26dd0d5f7d97098a6c","hash":"33f96a237126a7cb9796451c8ca65407061f8520"}
,"C:\\Users\\xas\\Desktop\\Nanodegree\\Projetos\\Readable\\readable\\src\\components\\Header.js": {"path":"C:\\Users\\xas\\Desktop\\Nanodegree\\Projetos\\Readable\\readable\\src\\components\\Header.js","statementMap":{"0":{"start":{"line":9,"column":15},"end":{"line":27,"column":1}},"1":{"start":{"line":10,"column":3},"end":{"line":26,"column":4}},"2":{"start":{"line":13,"column":40},"end":{"line":13,"column":68}},"3":{"start":{"line":20,"column":30},"end":{"line":20,"column":42}},"4":{"start":{"line":30,"column":3},"end":{"line":33,"column":4}},"5":{"start":{"line":31,"column":24},"end":{"line":31,"column":45}},"6":{"start":{"line":32,"column":43},"end":{"line":32,"column":84}}},"fnMap":{"0":{"name":"(anonymous_0)","decl":{"start":{"line":9,"column":15},"end":{"line":9,"column":16}},"loc":{"start":{"line":9,"column":58},"end":{"line":27,"column":1}},"line":9},"1":{"name":"(anonymous_1)","decl":{"start":{"line":13,"column":34},"end":{"line":13,"column":35}},"loc":{"start":{"line":13,"column":40},"end":{"line":13,"column":68}},"line":13},"2":{"name":"(anonymous_2)","decl":{"start":{"line":20,"column":24},"end":{"line":20,"column":25}},"loc":{"start":{"line":20,"column":30},"end":{"line":20,"column":42}},"line":20},"3":{"name":"mapDispatchToProps","decl":{"start":{"line":29,"column":9},"end":{"line":29,"column":27}},"loc":{"start":{"line":29,"column":38},"end":{"line":34,"column":1}},"line":29},"4":{"name":"(anonymous_4)","decl":{"start":{"line":31,"column":18},"end":{"line":31,"column":19}},"loc":{"start":{"line":31,"column":24},"end":{"line":31,"column":45}},"line":31},"5":{"name":"(anonymous_5)","decl":{"start":{"line":32,"column":29},"end":{"line":32,"column":30}},"loc":{"start":{"line":32,"column":43},"end":{"line":32,"column":84}},"line":32}},"branchMap":{},"s":{"0":2,"1":8,"2":1,"3":1,"4":9,"5":1,"6":1},"f":{"0":8,"1":1,"2":1,"3":9,"4":1,"5":1},"b":{},"_coverageSchema":"332fd63041d2c1bcb487cc26dd0d5f7d97098a6c","hash":"83dc697e5825dfb07a54559cbc98ec7e859bfc91"}
,"C:\\Users\\xas\\Desktop\\Nanodegree\\Projetos\\Readable\\readable\\src\\components\\posts\\CategoriesMenu.js": {"path":"C:\\Users\\xas\\Desktop\\Nanodegree\\Projetos\\Readable\\readable\\src\\components\\posts\\CategoriesMenu.js","statementMap":{"0":{"start":{"line":7,"column":19},"end":{"line":37,"column":1}},"1":{"start":{"line":9,"column":23},"end":{"line":12,"column":4}},"2":{"start":{"line":10,"column":6},"end":{"line":10,"column":43}},"3":{"start":{"line":11,"column":6},"end":{"line":11,"column":17}},"4":{"start":{"line":14,"column":25},"end":{"line":14,"column":47}},"5":{"start":{"line":16,"column":3},"end":{"line":36,"column":4}},"6":{"start":{"line":20,"column":16},"end":{"line":32,"column":22}},"7":{"start":{"line":27,"column":37},"end":{"line":27,"column":51}},"8":{"start":{"line":40,"column":3},"end":{"line":40,"column":41}},"9":{"start":{"line":44,"column":3},"end":{"line":44,"column":92}},"10":{"start":{"line":44,"column":49},"end":{"line":44,"column":90}}},"fnMap":{"0":{"name":"(anonymous_0)","decl":{"start":{"line":7,"column":19},"end":{"line":7,"column":20}},"loc":{"start":{"line":7,"column":79},"end":{"line":37,"column":1}},"line":7},"1":{"name":"(anonymous_1)","decl":{"start":{"line":9,"column":23},"end":{"line":9,"column":24}},"loc":{"start":{"line":9,"column":30},"end":{"line":12,"column":4}},"line":9},"2":{"name":"(anonymous_2)","decl":{"start":{"line":19,"column":31},"end":{"line":19,"column":32}},"loc":{"start":{"line":20,"column":16},"end":{"line":32,"column":22}},"line":20},"3":{"name":"(anonymous_3)","decl":{"start":{"line":27,"column":30},"end":{"line":27,"column":31}},"loc":{"start":{"line":27,"column":37},"end":{"line":27,"column":51}},"line":27},"4":{"name":"mapStateToProps","decl":{"start":{"line":39,"column":9},"end":{"line":39,"column":24}},"loc":{"start":{"line":39,"column":58},"end":{"line":41,"column":1}},"line":39},"5":{"name":"mapDispatchToProps","decl":{"start":{"line":43,"column":9},"end":{"line":43,"column":27}},"loc":{"start":{"line":43,"column":38},"end":{"line":45,"column":1}},"line":43},"6":{"name":"(anonymous_6)","decl":{"start":{"line":44,"column":35},"end":{"line":44,"column":36}},"loc":{"start":{"line":44,"column":49},"end":{"line":44,"column":90}},"line":44}},"branchMap":{"0":{"loc":{"start":{"line":21,"column":26},"end":{"line":21,"column":46}},"type":"cond-expr","locations":[{"start":{"line":21,"column":40},"end":{"line":21,"column":42}},{"start":{"line":21,"column":45},"end":{"line":21,"column":46}}],"line":21},"1":{"loc":{"start":{"line":26,"column":31},"end":{"line":26,"column":67}},"type":"cond-expr","locations":[{"start":{"line":26,"column":55},"end":{"line":26,"column":59}},{"start":{"line":26,"column":62},"end":{"line":26,"column":67}}],"line":26}},"s":{"0":3,"1":7,"2":1,"3":1,"4":7,"5":7,"6":28,"7":1,"8":8,"9":8,"10":1},"f":{"0":7,"1":1,"2":28,"3":1,"4":8,"5":8,"6":1},"b":{"0":[7,21],"1":[2,26]},"_coverageSchema":"332fd63041d2c1bcb487cc26dd0d5f7d97098a6c","hash":"34f68563ef92bf801a732a14044fa51d132c30c5"}
,"C:\\Users\\xas\\Desktop\\Nanodegree\\Projetos\\Readable\\readable\\src\\components\\posts\\Post.js": {"path":"C:\\Users\\xas\\Desktop\\Nanodegree\\Projetos\\Readable\\readable\\src\\components\\posts\\Post.js","statementMap":{"0":{"start":{"line":13,"column":42},"end":{"line":13,"column":52}},"1":{"start":{"line":15,"column":6},"end":{"line":17,"column":7}},"2":{"start":{"line":16,"column":9},"end":{"line":16,"column":26}},"3":{"start":{"line":21,"column":6},"end":{"line":21,"column":34}},"4":{"start":{"line":22,"column":6},"end":{"line":22,"column":17}},"5":{"start":{"line":26,"column":6},"end":{"line":26,"column":35}},"6":{"start":{"line":27,"column":6},"end":{"line":27,"column":17}},"7":{"start":{"line":31,"column":6},"end":{"line":31,"column":31}},"8":{"start":{"line":32,"column":6},"end":{"line":32,"column":17}},"9":{"start":{"line":36,"column":6},"end":{"line":36,"column":33}},"10":{"start":{"line":37,"column":6},"end":{"line":37,"column":17}},"11":{"start":{"line":41,"column":32},"end":{"line":41,"column":42}},"12":{"start":{"line":43,"column":6},"end":{"line":44,"column":23}},"13":{"start":{"line":44,"column":9},"end":{"line":44,"column":23}},"14":{"start":{"line":46,"column":60},"end":{"line":46,"column":73}},"15":{"start":{"line":48,"column":6},"end":{"line":86,"column":7}},"16":{"start":{"line":69,"column":45},"end":{"line":69,"column":66}},"17":{"start":{"line":71,"column":45},"end":{"line":71,"column":68}},"18":{"start":{"line":75,"column":51},"end":{"line":75,"column":70}},"19":{"start":{"line":77,"column":53},"end":{"line":77,"column":74}},"20":{"start":{"line":91,"column":18},"end":{"line":91,"column":47}},"21":{"start":{"line":92,"column":16},"end":{"line":92,"column":29}},"22":{"start":{"line":93,"column":3},"end":{"line":93,"column":33}},"23":{"start":{"line":97,"column":3},"end":{"line":103,"column":4}},"24":{"start":{"line":98,"column":29},"end":{"line":98,"column":56}},"25":{"start":{"line":99,"column":26},"end":{"line":99,"column":50}},"26":{"start":{"line":100,"column":28},"end":{"line":100,"column":54}},"27":{"start":{"line":101,"column":29},"end":{"line":101,"column":56}},"28":{"start":{"line":102,"column":30},"end":{"line":102,"column":58}}},"fnMap":{"0":{"name":"(anonymous_0)","decl":{"start":{"line":12,"column":3},"end":{"line":12,"column":4}},"loc":{"start":{"line":12,"column":23},"end":{"line":18,"column":4}},"line":12},"1":{"name":"(anonymous_1)","decl":{"start":{"line":20,"column":14},"end":{"line":20,"column":15}},"loc":{"start":{"line":20,"column":26},"end":{"line":23,"column":4}},"line":20},"2":{"name":"(anonymous_2)","decl":{"start":{"line":25,"column":16},"end":{"line":25,"column":17}},"loc":{"start":{"line":25,"column":28},"end":{"line":28,"column":4}},"line":25},"3":{"name":"(anonymous_3)","decl":{"start":{"line":30,"column":12},"end":{"line":30,"column":13}},"loc":{"start":{"line":30,"column":24},"end":{"line":33,"column":4}},"line":30},"4":{"name":"(anonymous_4)","decl":{"start":{"line":35,"column":14},"end":{"line":35,"column":15}},"loc":{"start":{"line":35,"column":26},"end":{"line":38,"column":4}},"line":35},"5":{"name":"(anonymous_5)","decl":{"start":{"line":40,"column":3},"end":{"line":40,"column":4}},"loc":{"start":{"line":40,"column":12},"end":{"line":87,"column":4}},"line":40},"6":{"name":"(anonymous_6)","decl":{"start":{"line":69,"column":39},"end":{"line":69,"column":40}},"loc":{"start":{"line":69,"column":45},"end":{"line":69,"column":66}},"line":69},"7":{"name":"(anonymous_7)","decl":{"start":{"line":71,"column":39},"end":{"line":71,"column":40}},"loc":{"start":{"line":71,"column":45},"end":{"line":71,"column":68}},"line":71},"8":{"name":"(anonymous_8)","decl":{"start":{"line":75,"column":45},"end":{"line":75,"column":46}},"loc":{"start":{"line":75,"column":51},"end":{"line":75,"column":70}},"line":75},"9":{"name":"(anonymous_9)","decl":{"start":{"line":77,"column":47},"end":{"line":77,"column":48}},"loc":{"start":{"line":77,"column":53},"end":{"line":77,"column":74}},"line":77},"10":{"name":"mapStateToProps","decl":{"start":{"line":90,"column":9},"end":{"line":90,"column":24}},"loc":{"start":{"line":90,"column":46},"end":{"line":94,"column":1}},"line":90},"11":{"name":"mapDispatchToProps","decl":{"start":{"line":96,"column":9},"end":{"line":96,"column":27}},"loc":{"start":{"line":96,"column":38},"end":{"line":104,"column":1}},"line":96},"12":{"name":"(anonymous_12)","decl":{"start":{"line":98,"column":17},"end":{"line":98,"column":18}},"loc":{"start":{"line":98,"column":29},"end":{"line":98,"column":56}},"line":98},"13":{"name":"(anonymous_13)","decl":{"start":{"line":99,"column":14},"end":{"line":99,"column":15}},"loc":{"start":{"line":99,"column":26},"end":{"line":99,"column":50}},"line":99},"14":{"name":"(anonymous_14)","decl":{"start":{"line":100,"column":16},"end":{"line":100,"column":17}},"loc":{"start":{"line":100,"column":28},"end":{"line":100,"column":54}},"line":100},"15":{"name":"(anonymous_15)","decl":{"start":{"line":101,"column":17},"end":{"line":101,"column":18}},"loc":{"start":{"line":101,"column":29},"end":{"line":101,"column":56}},"line":101},"16":{"name":"(anonymous_16)","decl":{"start":{"line":102,"column":18},"end":{"line":102,"column":19}},"loc":{"start":{"line":102,"column":30},"end":{"line":102,"column":58}},"line":102}},"branchMap":{"0":{"loc":{"start":{"line":15,"column":6},"end":{"line":17,"column":7}},"type":"if","locations":[{"start":{"line":15,"column":6},"end":{"line":17,"column":7}},{"start":{"line":15,"column":6},"end":{"line":17,"column":7}}],"line":15},"1":{"loc":{"start":{"line":43,"column":6},"end":{"line":44,"column":23}},"type":"if","locations":[{"start":{"line":43,"column":6},"end":{"line":44,"column":23}},{"start":{"line":43,"column":6},"end":{"line":44,"column":23}}],"line":43}},"s":{"0":11,"1":11,"2":3,"3":1,"4":1,"5":1,"6":1,"7":1,"8":1,"9":1,"10":1,"11":11,"12":11,"13":3,"14":8,"15":8,"16":1,"17":1,"18":1,"19":1,"20":12,"21":12,"22":12,"23":12,"24":3,"25":1,"26":1,"27":2,"28":1},"f":{"0":11,"1":1,"2":1,"3":1,"4":1,"5":11,"6":1,"7":1,"8":1,"9":1,"10":12,"11":12,"12":3,"13":1,"14":1,"15":2,"16":1},"b":{"0":[3,8],"1":[3,8]},"_coverageSchema":"332fd63041d2c1bcb487cc26dd0d5f7d97098a6c","hash":"db89e5e4021a6db6344c9c8fc90ee934bd78c1db"}
,"C:\\Users\\xas\\Desktop\\Nanodegree\\Projetos\\Readable\\readable\\src\\components\\posts\\PostDialog.js": {"path":"C:\\Users\\xas\\Desktop\\Nanodegree\\Projetos\\Readable\\readable\\src\\components\\posts\\PostDialog.js","statementMap":{"0":{"start":{"line":21,"column":25},"end":{"line":21,"column":45}},"1":{"start":{"line":23,"column":6},"end":{"line":31,"column":7}},"2":{"start":{"line":24,"column":51},"end":{"line":24,"column":75}},"3":{"start":{"line":26,"column":9},"end":{"line":30,"column":11}},"4":{"start":{"line":34,"column":26},"end":{"line":38,"column":4}},"5":{"start":{"line":35,"column":6},"end":{"line":37,"column":8}},"6":{"start":{"line":36,"column":9},"end":{"line":36,"column":31}},"7":{"start":{"line":41,"column":6},"end":{"line":41,"column":29}},"8":{"start":{"line":42,"column":6},"end":{"line":42,"column":17}},"9":{"start":{"line":46,"column":48},"end":{"line":46,"column":58}},"10":{"start":{"line":48,"column":6},"end":{"line":52,"column":7}},"11":{"start":{"line":49,"column":9},"end":{"line":49,"column":43}},"12":{"start":{"line":51,"column":9},"end":{"line":51,"column":44}},"13":{"start":{"line":56,"column":25},"end":{"line":56,"column":45}},"14":{"start":{"line":57,"column":19},"end":{"line":57,"column":67}},"15":{"start":{"line":59,"column":6},"end":{"line":67,"column":7}},"16":{"start":{"line":60,"column":9},"end":{"line":60,"column":36}},"17":{"start":{"line":61,"column":9},"end":{"line":61,"column":27}},"18":{"start":{"line":62,"column":9},"end":{"line":62,"column":30}},"19":{"start":{"line":64,"column":9},"end":{"line":64,"column":48}},"20":{"start":{"line":65,"column":9},"end":{"line":65,"column":27}},"21":{"start":{"line":66,"column":9},"end":{"line":66,"column":30}},"22":{"start":{"line":71,"column":40},"end":{"line":71,"column":50}},"23":{"start":{"line":72,"column":72},"end":{"line":72,"column":82}},"24":{"start":{"line":74,"column":6},"end":{"line":132,"column":7}},"25":{"start":{"line":116,"column":21},"end":{"line":122,"column":32}},"26":{"start":{"line":137,"column":3},"end":{"line":137,"column":42}},"27":{"start":{"line":141,"column":3},"end":{"line":145,"column":4}},"28":{"start":{"line":142,"column":24},"end":{"line":142,"column":45}},"29":{"start":{"line":143,"column":28},"end":{"line":143,"column":54}},"30":{"start":{"line":144,"column":36},"end":{"line":144,"column":66}}},"fnMap":{"0":{"name":"(anonymous_0)","decl":{"start":{"line":20,"column":3},"end":{"line":20,"column":4}},"loc":{"start":{"line":20,"column":23},"end":{"line":32,"column":4}},"line":20},"1":{"name":"(anonymous_1)","decl":{"start":{"line":34,"column":18},"end":{"line":34,"column":19}},"loc":{"start":{"line":34,"column":26},"end":{"line":38,"column":4}},"line":34},"2":{"name":"(anonymous_2)","decl":{"start":{"line":34,"column":26},"end":{"line":34,"column":27}},"loc":{"start":{"line":34,"column":35},"end":{"line":38,"column":4}},"line":34},"3":{"name":"(anonymous_3)","decl":{"start":{"line":35,"column":52},"end":{"line":35,"column":53}},"loc":{"start":{"line":35,"column":58},"end":{"line":37,"column":7}},"line":35},"4":{"name":"(anonymous_4)","decl":{"start":{"line":40,"column":17},"end":{"line":40,"column":18}},"loc":{"start":{"line":40,"column":23},"end":{"line":43,"column":4}},"line":40},"5":{"name":"(anonymous_5)","decl":{"start":{"line":45,"column":21},"end":{"line":45,"column":22}},"loc":{"start":{"line":45,"column":27},"end":{"line":53,"column":4}},"line":45},"6":{"name":"(anonymous_6)","decl":{"start":{"line":55,"column":16},"end":{"line":55,"column":17}},"loc":{"start":{"line":55,"column":22},"end":{"line":68,"column":4}},"line":55},"7":{"name":"(anonymous_7)","decl":{"start":{"line":70,"column":3},"end":{"line":70,"column":4}},"loc":{"start":{"line":70,"column":12},"end":{"line":133,"column":4}},"line":70},"8":{"name":"(anonymous_8)","decl":{"start":{"line":115,"column":34},"end":{"line":115,"column":35}},"loc":{"start":{"line":116,"column":21},"end":{"line":122,"column":32}},"line":116},"9":{"name":"mapStateToProps","decl":{"start":{"line":136,"column":9},"end":{"line":136,"column":24}},"loc":{"start":{"line":136,"column":59},"end":{"line":138,"column":1}},"line":136},"10":{"name":"mapDispatchToProps","decl":{"start":{"line":140,"column":9},"end":{"line":140,"column":27}},"loc":{"start":{"line":140,"column":38},"end":{"line":146,"column":1}},"line":140},"11":{"name":"(anonymous_11)","decl":{"start":{"line":142,"column":18},"end":{"line":142,"column":19}},"loc":{"start":{"line":142,"column":24},"end":{"line":142,"column":45}},"line":142},"12":{"name":"(anonymous_12)","decl":{"start":{"line":143,"column":18},"end":{"line":143,"column":19}},"loc":{"start":{"line":143,"column":28},"end":{"line":143,"column":54}},"line":143},"13":{"name":"(anonymous_13)","decl":{"start":{"line":144,"column":22},"end":{"line":144,"column":23}},"loc":{"start":{"line":144,"column":36},"end":{"line":144,"column":66}},"line":144}},"branchMap":{"0":{"loc":{"start":{"line":23,"column":6},"end":{"line":31,"column":7}},"type":"if","locations":[{"start":{"line":23,"column":6},"end":{"line":31,"column":7}},{"start":{"line":23,"column":6},"end":{"line":31,"column":7}}],"line":23},"1":{"loc":{"start":{"line":48,"column":6},"end":{"line":52,"column":7}},"type":"if","locations":[{"start":{"line":48,"column":6},"end":{"line":52,"column":7}},{"start":{"line":48,"column":6},"end":{"line":52,"column":7}}],"line":48},"2":{"loc":{"start":{"line":48,"column":10},"end":{"line":48,"column":73}},"type":"binary-expr","locations":[{"start":{"line":48,"column":10},"end":{"line":48,"column":22}},{"start":{"line":48,"column":26},"end":{"line":48,"column":37}},{"start":{"line":48,"column":41},"end":{"line":48,"column":54}},{"start":{"line":48,"column":58},"end":{"line":48,"column":73}}],"line":48},"3":{"loc":{"start":{"line":59,"column":6},"end":{"line":67,"column":7}},"type":"if","locations":[{"start":{"line":59,"column":6},"end":{"line":67,"column":7}},{"start":{"line":59,"column":6},"end":{"line":67,"column":7}}],"line":59}},"s":{"0":11,"1":11,"2":6,"3":6,"4":92,"5":3,"6":3,"7":3,"8":3,"9":3,"10":3,"11":2,"12":1,"13":2,"14":2,"15":2,"16":1,"17":1,"18":1,"19":1,"20":1,"21":1,"22":23,"23":23,"24":23,"25":73,"26":12,"27":12,"28":3,"29":1,"30":1},"f":{"0":11,"1":92,"2":3,"3":3,"4":3,"5":3,"6":2,"7":23,"8":73,"9":12,"10":12,"11":3,"12":1,"13":1},"b":{"0":[6,5],"1":[2,1],"2":[3,3,2,1],"3":[1,1]},"_coverageSchema":"332fd63041d2c1bcb487cc26dd0d5f7d97098a6c","hash":"4fb62f4bd562d1f387172a5777f66d9932bf3980"}
,"C:\\Users\\xas\\Desktop\\Nanodegree\\Projetos\\Readable\\readable\\src\\components\\posts\\PostPreview.js": {"path":"C:\\Users\\xas\\Desktop\\Nanodegree\\Projetos\\Readable\\readable\\src\\components\\posts\\PostPreview.js","statementMap":{"0":{"start":{"line":14,"column":6},"end":{"line":14,"column":34}},"1":{"start":{"line":15,"column":6},"end":{"line":15,"column":17}},"2":{"start":{"line":19,"column":6},"end":{"line":19,"column":35}},"3":{"start":{"line":20,"column":6},"end":{"line":20,"column":17}},"4":{"start":{"line":24,"column":6},"end":{"line":24,"column":31}},"5":{"start":{"line":25,"column":6},"end":{"line":25,"column":17}},"6":{"start":{"line":29,"column":6},"end":{"line":29,"column":33}},"7":{"start":{"line":30,"column":6},"end":{"line":30,"column":17}},"8":{"start":{"line":34,"column":49},"end":{"line":34,"column":59}},"9":{"start":{"line":36,"column":6},"end":{"line":37,"column":23}},"10":{"start":{"line":37,"column":9},"end":{"line":37,"column":23}},"11":{"start":{"line":39,"column":78},"end":{"line":39,"column":91}},"12":{"start":{"line":41,"column":6},"end":{"line":42,"column":51}},"13":{"start":{"line":42,"column":9},"end":{"line":42,"column":51}},"14":{"start":{"line":44,"column":6},"end":{"line":79,"column":7}},"15":{"start":{"line":67,"column":36},"end":{"line":67,"column":57}},"16":{"start":{"line":69,"column":36},"end":{"line":69,"column":59}},"17":{"start":{"line":73,"column":42},"end":{"line":73,"column":61}},"18":{"start":{"line":75,"column":44},"end":{"line":75,"column":65}},"19":{"start":{"line":84,"column":3},"end":{"line":84,"column":36}},"20":{"start":{"line":88,"column":3},"end":{"line":93,"column":4}},"21":{"start":{"line":89,"column":26},"end":{"line":89,"column":50}},"22":{"start":{"line":90,"column":28},"end":{"line":90,"column":54}},"23":{"start":{"line":91,"column":29},"end":{"line":91,"column":56}},"24":{"start":{"line":92,"column":30},"end":{"line":92,"column":58}},"25":{"start":{"line":96,"column":0},"end":{"line":98,"column":1}}},"fnMap":{"0":{"name":"(anonymous_0)","decl":{"start":{"line":13,"column":14},"end":{"line":13,"column":15}},"loc":{"start":{"line":13,"column":26},"end":{"line":16,"column":4}},"line":13},"1":{"name":"(anonymous_1)","decl":{"start":{"line":18,"column":16},"end":{"line":18,"column":17}},"loc":{"start":{"line":18,"column":28},"end":{"line":21,"column":4}},"line":18},"2":{"name":"(anonymous_2)","decl":{"start":{"line":23,"column":12},"end":{"line":23,"column":13}},"loc":{"start":{"line":23,"column":24},"end":{"line":26,"column":4}},"line":23},"3":{"name":"(anonymous_3)","decl":{"start":{"line":28,"column":14},"end":{"line":28,"column":15}},"loc":{"start":{"line":28,"column":26},"end":{"line":31,"column":4}},"line":28},"4":{"name":"(anonymous_4)","decl":{"start":{"line":33,"column":3},"end":{"line":33,"column":4}},"loc":{"start":{"line":33,"column":12},"end":{"line":80,"column":4}},"line":33},"5":{"name":"(anonymous_5)","decl":{"start":{"line":67,"column":30},"end":{"line":67,"column":31}},"loc":{"start":{"line":67,"column":36},"end":{"line":67,"column":57}},"line":67},"6":{"name":"(anonymous_6)","decl":{"start":{"line":69,"column":30},"end":{"line":69,"column":31}},"loc":{"start":{"line":69,"column":36},"end":{"line":69,"column":59}},"line":69},"7":{"name":"(anonymous_7)","decl":{"start":{"line":73,"column":36},"end":{"line":73,"column":37}},"loc":{"start":{"line":73,"column":42},"end":{"line":73,"column":61}},"line":73},"8":{"name":"(anonymous_8)","decl":{"start":{"line":75,"column":38},"end":{"line":75,"column":39}},"loc":{"start":{"line":75,"column":44},"end":{"line":75,"column":65}},"line":75},"9":{"name":"mapStateToProps","decl":{"start":{"line":83,"column":9},"end":{"line":83,"column":24}},"loc":{"start":{"line":83,"column":53},"end":{"line":85,"column":1}},"line":83},"10":{"name":"mapDispatchToProps","decl":{"start":{"line":87,"column":9},"end":{"line":87,"column":27}},"loc":{"start":{"line":87,"column":38},"end":{"line":94,"column":1}},"line":87},"11":{"name":"(anonymous_11)","decl":{"start":{"line":89,"column":14},"end":{"line":89,"column":15}},"loc":{"start":{"line":89,"column":26},"end":{"line":89,"column":50}},"line":89},"12":{"name":"(anonymous_12)","decl":{"start":{"line":90,"column":16},"end":{"line":90,"column":17}},"loc":{"start":{"line":90,"column":28},"end":{"line":90,"column":54}},"line":90},"13":{"name":"(anonymous_13)","decl":{"start":{"line":91,"column":17},"end":{"line":91,"column":18}},"loc":{"start":{"line":91,"column":29},"end":{"line":91,"column":56}},"line":91},"14":{"name":"(anonymous_14)","decl":{"start":{"line":92,"column":18},"end":{"line":92,"column":19}},"loc":{"start":{"line":92,"column":30},"end":{"line":92,"column":58}},"line":92}},"branchMap":{"0":{"loc":{"start":{"line":36,"column":6},"end":{"line":37,"column":23}},"type":"if","locations":[{"start":{"line":36,"column":6},"end":{"line":37,"column":23}},{"start":{"line":36,"column":6},"end":{"line":37,"column":23}}],"line":36},"1":{"loc":{"start":{"line":41,"column":6},"end":{"line":42,"column":51}},"type":"if","locations":[{"start":{"line":41,"column":6},"end":{"line":42,"column":51}},{"start":{"line":41,"column":6},"end":{"line":42,"column":51}}],"line":41},"2":{"loc":{"start":{"line":41,"column":10},"end":{"line":41,"column":67}},"type":"binary-expr","locations":[{"start":{"line":41,"column":10},"end":{"line":41,"column":35}},{"start":{"line":41,"column":39},"end":{"line":41,"column":67}}],"line":41},"3":{"loc":{"start":{"line":61,"column":19},"end":{"line":61,"column":48}},"type":"cond-expr","locations":[{"start":{"line":61,"column":40},"end":{"line":61,"column":42}},{"start":{"line":61,"column":45},"end":{"line":61,"column":48}}],"line":61}},"s":{"0":1,"1":1,"2":1,"3":1,"4":1,"5":1,"6":1,"7":1,"8":17,"9":17,"10":1,"11":16,"12":16,"13":1,"14":15,"15":1,"16":1,"17":1,"18":1,"19":18,"20":18,"21":1,"22":1,"23":2,"24":1,"25":3},"f":{"0":1,"1":1,"2":1,"3":1,"4":17,"5":1,"6":1,"7":1,"8":1,"9":18,"10":18,"11":1,"12":1,"13":2,"14":1},"b":{"0":[1,16],"1":[1,15],"2":[16,6],"3":[10,5]},"_coverageSchema":"332fd63041d2c1bcb487cc26dd0d5f7d97098a6c","hash":"32fa34d9495ebeff4f48abfc2e1f9debc4840289"}
,"C:\\Users\\xas\\Desktop\\Nanodegree\\Projetos\\Readable\\readable\\src\\components\\posts\\PostsHome.js": {"path":"C:\\Users\\xas\\Desktop\\Nanodegree\\Projetos\\Readable\\readable\\src\\components\\posts\\PostsHome.js","statementMap":{"0":{"start":{"line":19,"column":35},"end":{"line":19,"column":58}},"1":{"start":{"line":20,"column":6},"end":{"line":20,"column":48}},"2":{"start":{"line":24,"column":6},"end":{"line":24,"column":27}},"3":{"start":{"line":28,"column":6},"end":{"line":28,"column":74}},"4":{"start":{"line":29,"column":6},"end":{"line":29,"column":17}},"5":{"start":{"line":34,"column":6},"end":{"line":40,"column":7}},"6":{"start":{"line":35,"column":9},"end":{"line":35,"column":49}},"7":{"start":{"line":37,"column":9},"end":{"line":37,"column":26}},"8":{"start":{"line":39,"column":9},"end":{"line":39,"column":35}},"9":{"start":{"line":42,"column":6},"end":{"line":42,"column":52}},"10":{"start":{"line":43,"column":6},"end":{"line":43,"column":17}},"11":{"start":{"line":47,"column":56},"end":{"line":47,"column":66}},"12":{"start":{"line":48,"column":26},"end":{"line":48,"column":36}},"13":{"start":{"line":50,"column":6},"end":{"line":59,"column":7}},"14":{"start":{"line":52,"column":12},"end":{"line":52,"column":27}},"15":{"start":{"line":52,"column":28},"end":{"line":52,"column":33}},"16":{"start":{"line":54,"column":12},"end":{"line":54,"column":25}},"17":{"start":{"line":54,"column":26},"end":{"line":54,"column":31}},"18":{"start":{"line":56,"column":12},"end":{"line":56,"column":26}},"19":{"start":{"line":56,"column":27},"end":{"line":56,"column":32}},"20":{"start":{"line":58,"column":12},"end":{"line":58,"column":24}},"21":{"start":{"line":63,"column":6},"end":{"line":65,"column":7}},"22":{"start":{"line":64,"column":9},"end":{"line":64,"column":23}},"23":{"start":{"line":67,"column":49},"end":{"line":67,"column":59}},"24":{"start":{"line":68,"column":26},"end":{"line":68,"column":36}},"25":{"start":{"line":70,"column":6},"end":{"line":118,"column":7}},"26":{"start":{"line":96,"column":27},"end":{"line":103,"column":38}},"27":{"start":{"line":112,"column":24},"end":{"line":112,"column":64}},"28":{"start":{"line":123,"column":3},"end":{"line":123,"column":19}},"29":{"start":{"line":127,"column":3},"end":{"line":133,"column":4}},"30":{"start":{"line":128,"column":22},"end":{"line":128,"column":44}},"31":{"start":{"line":129,"column":26},"end":{"line":129,"column":50}},"32":{"start":{"line":130,"column":24},"end":{"line":130,"column":46}},"33":{"start":{"line":131,"column":25},"end":{"line":131,"column":48}},"34":{"start":{"line":132,"column":43},"end":{"line":132,"column":84}}},"fnMap":{"0":{"name":"(anonymous_0)","decl":{"start":{"line":18,"column":3},"end":{"line":18,"column":4}},"loc":{"start":{"line":18,"column":24},"end":{"line":21,"column":4}},"line":18},"1":{"name":"(anonymous_1)","decl":{"start":{"line":23,"column":3},"end":{"line":23,"column":4}},"loc":{"start":{"line":23,"column":23},"end":{"line":25,"column":4}},"line":23},"2":{"name":"(anonymous_2)","decl":{"start":{"line":27,"column":17},"end":{"line":27,"column":18}},"loc":{"start":{"line":27,"column":26},"end":{"line":30,"column":4}},"line":27},"3":{"name":"(anonymous_3)","decl":{"start":{"line":32,"column":24},"end":{"line":32,"column":25}},"loc":{"start":{"line":32,"column":31},"end":{"line":44,"column":4}},"line":32},"4":{"name":"(anonymous_4)","decl":{"start":{"line":46,"column":15},"end":{"line":46,"column":16}},"loc":{"start":{"line":46,"column":22},"end":{"line":60,"column":4}},"line":46},"5":{"name":"(anonymous_5)","decl":{"start":{"line":62,"column":3},"end":{"line":62,"column":4}},"loc":{"start":{"line":62,"column":12},"end":{"line":119,"column":4}},"line":62},"6":{"name":"(anonymous_6)","decl":{"start":{"line":95,"column":37},"end":{"line":95,"column":38}},"loc":{"start":{"line":96,"column":27},"end":{"line":103,"column":38}},"line":96},"7":{"name":"(anonymous_7)","decl":{"start":{"line":111,"column":56},"end":{"line":111,"column":57}},"loc":{"start":{"line":112,"column":24},"end":{"line":112,"column":64}},"line":112},"8":{"name":"mapStateToProps","decl":{"start":{"line":122,"column":9},"end":{"line":122,"column":24}},"loc":{"start":{"line":122,"column":36},"end":{"line":124,"column":1}},"line":122},"9":{"name":"mapDispatchToProps","decl":{"start":{"line":126,"column":9},"end":{"line":126,"column":27}},"loc":{"start":{"line":126,"column":38},"end":{"line":134,"column":1}},"line":126},"10":{"name":"(anonymous_10)","decl":{"start":{"line":128,"column":16},"end":{"line":128,"column":17}},"loc":{"start":{"line":128,"column":22},"end":{"line":128,"column":44}},"line":128},"11":{"name":"(anonymous_11)","decl":{"start":{"line":129,"column":20},"end":{"line":129,"column":21}},"loc":{"start":{"line":129,"column":26},"end":{"line":129,"column":50}},"line":129},"12":{"name":"(anonymous_12)","decl":{"start":{"line":130,"column":18},"end":{"line":130,"column":19}},"loc":{"start":{"line":130,"column":24},"end":{"line":130,"column":46}},"line":130},"13":{"name":"(anonymous_13)","decl":{"start":{"line":131,"column":19},"end":{"line":131,"column":20}},"loc":{"start":{"line":131,"column":25},"end":{"line":131,"column":48}},"line":131},"14":{"name":"(anonymous_14)","decl":{"start":{"line":132,"column":29},"end":{"line":132,"column":30}},"loc":{"start":{"line":132,"column":43},"end":{"line":132,"column":84}},"line":132}},"branchMap":{"0":{"loc":{"start":{"line":19,"column":14},"end":{"line":19,"column":30}},"type":"default-arg","locations":[{"start":{"line":19,"column":25},"end":{"line":19,"column":30}}],"line":19},"1":{"loc":{"start":{"line":34,"column":6},"end":{"line":40,"column":7}},"type":"if","locations":[{"start":{"line":34,"column":6},"end":{"line":40,"column":7}},{"start":{"line":34,"column":6},"end":{"line":40,"column":7}}],"line":34},"2":{"loc":{"start":{"line":50,"column":6},"end":{"line":59,"column":7}},"type":"switch","locations":[{"start":{"line":51,"column":9},"end":{"line":52,"column":33}},{"start":{"line":53,"column":9},"end":{"line":54,"column":31}},{"start":{"line":55,"column":9},"end":{"line":56,"column":32}},{"start":{"line":57,"column":9},"end":{"line":58,"column":24}}],"line":50},"3":{"loc":{"start":{"line":63,"column":6},"end":{"line":65,"column":7}},"type":"if","locations":[{"start":{"line":63,"column":6},"end":{"line":65,"column":7}},{"start":{"line":63,"column":6},"end":{"line":65,"column":7}}],"line":63},"4":{"loc":{"start":{"line":98,"column":40},"end":{"line":98,"column":72}},"type":"cond-expr","locations":[{"start":{"line":98,"column":60},"end":{"line":98,"column":64}},{"start":{"line":98,"column":67},"end":{"line":98,"column":72}}],"line":98}},"s":{"0":9,"1":9,"2":9,"3":1,"4":1,"5":5,"6":4,"7":4,"8":1,"9":5,"10":5,"11":4,"12":4,"13":4,"14":1,"15":1,"16":1,"17":1,"18":1,"19":1,"20":1,"21":15,"22":4,"23":11,"24":11,"25":11,"26":33,"27":11,"28":10,"29":10,"30":9,"31":2,"32":2,"33":2,"34":9},"f":{"0":9,"1":9,"2":1,"3":5,"4":4,"5":15,"6":33,"7":11,"8":10,"9":10,"10":9,"11":2,"12":2,"13":2,"14":9},"b":{"0":[9],"1":[4,1],"2":[1,1,1,1],"3":[4,11],"4":[9,24]},"_coverageSchema":"332fd63041d2c1bcb487cc26dd0d5f7d97098a6c","hash":"6f91e32276b16a5564fc786a3cca4c44f923948c"}
,"C:\\Users\\xas\\Desktop\\Nanodegree\\Projetos\\Readable\\readable\\src\\components\\posts\\comments\\Comment.js": {"path":"C:\\Users\\xas\\Desktop\\Nanodegree\\Projetos\\Readable\\readable\\src\\components\\posts\\comments\\Comment.js","statementMap":{"0":{"start":{"line":14,"column":16},"end":{"line":67,"column":1}},"1":{"start":{"line":22,"column":54},"end":{"line":22,"column":61}},"2":{"start":{"line":24,"column":23},"end":{"line":27,"column":4}},"3":{"start":{"line":25,"column":6},"end":{"line":25,"column":35}},"4":{"start":{"line":26,"column":6},"end":{"line":26,"column":17}},"5":{"start":{"line":29,"column":22},"end":{"line":32,"column":4}},"6":{"start":{"line":30,"column":6},"end":{"line":30,"column":23}},"7":{"start":{"line":31,"column":6},"end":{"line":31,"column":17}},"8":{"start":{"line":34,"column":18},"end":{"line":37,"column":4}},"9":{"start":{"line":35,"column":6},"end":{"line":35,"column":23}},"10":{"start":{"line":36,"column":6},"end":{"line":36,"column":17}},"11":{"start":{"line":39,"column":20},"end":{"line":42,"column":4}},"12":{"start":{"line":40,"column":6},"end":{"line":40,"column":25}},"13":{"start":{"line":41,"column":6},"end":{"line":41,"column":17}},"14":{"start":{"line":44,"column":3},"end":{"line":66,"column":4}},"15":{"start":{"line":54,"column":33},"end":{"line":54,"column":46}},"16":{"start":{"line":56,"column":33},"end":{"line":56,"column":45}},"17":{"start":{"line":60,"column":39},"end":{"line":60,"column":47}},"18":{"start":{"line":62,"column":41},"end":{"line":62,"column":51}},"19":{"start":{"line":70,"column":3},"end":{"line":75,"column":4}},"20":{"start":{"line":71,"column":29},"end":{"line":71,"column":56}},"21":{"start":{"line":72,"column":31},"end":{"line":72,"column":60}},"22":{"start":{"line":73,"column":41},"end":{"line":73,"column":80}},"23":{"start":{"line":74,"column":29},"end":{"line":74,"column":56}},"24":{"start":{"line":78,"column":0},"end":{"line":80,"column":1}}},"fnMap":{"0":{"name":"(anonymous_0)","decl":{"start":{"line":14,"column":16},"end":{"line":14,"column":17}},"loc":{"start":{"line":20,"column":6},"end":{"line":67,"column":1}},"line":20},"1":{"name":"(anonymous_1)","decl":{"start":{"line":24,"column":23},"end":{"line":24,"column":24}},"loc":{"start":{"line":24,"column":29},"end":{"line":27,"column":4}},"line":24},"2":{"name":"(anonymous_2)","decl":{"start":{"line":29,"column":22},"end":{"line":29,"column":23}},"loc":{"start":{"line":29,"column":28},"end":{"line":32,"column":4}},"line":29},"3":{"name":"(anonymous_3)","decl":{"start":{"line":34,"column":18},"end":{"line":34,"column":19}},"loc":{"start":{"line":34,"column":24},"end":{"line":37,"column":4}},"line":34},"4":{"name":"(anonymous_4)","decl":{"start":{"line":39,"column":20},"end":{"line":39,"column":21}},"loc":{"start":{"line":39,"column":26},"end":{"line":42,"column":4}},"line":39},"5":{"name":"(anonymous_5)","decl":{"start":{"line":54,"column":27},"end":{"line":54,"column":28}},"loc":{"start":{"line":54,"column":33},"end":{"line":54,"column":46}},"line":54},"6":{"name":"(anonymous_6)","decl":{"start":{"line":56,"column":27},"end":{"line":56,"column":28}},"loc":{"start":{"line":56,"column":33},"end":{"line":56,"column":45}},"line":56},"7":{"name":"(anonymous_7)","decl":{"start":{"line":60,"column":33},"end":{"line":60,"column":34}},"loc":{"start":{"line":60,"column":39},"end":{"line":60,"column":47}},"line":60},"8":{"name":"(anonymous_8)","decl":{"start":{"line":62,"column":35},"end":{"line":62,"column":36}},"loc":{"start":{"line":62,"column":41},"end":{"line":62,"column":51}},"line":62},"9":{"name":"mapDispatchToProps","decl":{"start":{"line":69,"column":9},"end":{"line":69,"column":27}},"loc":{"start":{"line":69,"column":38},"end":{"line":76,"column":1}},"line":69},"10":{"name":"(anonymous_10)","decl":{"start":{"line":71,"column":21},"end":{"line":71,"column":22}},"loc":{"start":{"line":71,"column":29},"end":{"line":71,"column":56}},"line":71},"11":{"name":"(anonymous_11)","decl":{"start":{"line":72,"column":23},"end":{"line":72,"column":24}},"loc":{"start":{"line":72,"column":31},"end":{"line":72,"column":60}},"line":72},"12":{"name":"(anonymous_12)","decl":{"start":{"line":73,"column":24},"end":{"line":73,"column":25}},"loc":{"start":{"line":73,"column":41},"end":{"line":73,"column":80}},"line":73},"13":{"name":"(anonymous_13)","decl":{"start":{"line":74,"column":21},"end":{"line":74,"column":22}},"loc":{"start":{"line":74,"column":29},"end":{"line":74,"column":56}},"line":74}},"branchMap":{},"s":{"0":4,"1":14,"2":14,"3":1,"4":1,"5":14,"6":1,"7":1,"8":14,"9":1,"10":1,"11":14,"12":1,"13":1,"14":14,"15":1,"16":1,"17":1,"18":1,"19":15,"20":1,"21":1,"22":2,"23":1,"24":4},"f":{"0":14,"1":1,"2":1,"3":1,"4":1,"5":1,"6":1,"7":1,"8":1,"9":15,"10":1,"11":1,"12":2,"13":1},"b":{},"_coverageSchema":"332fd63041d2c1bcb487cc26dd0d5f7d97098a6c","hash":"e6022b99238fa65248b4ccf852ec51897b53439a"}
,"C:\\Users\\xas\\Desktop\\Nanodegree\\Projetos\\Readable\\readable\\src\\components\\posts\\comments\\CommentDialog.js": {"path":"C:\\Users\\xas\\Desktop\\Nanodegree\\Projetos\\Readable\\readable\\src\\components\\posts\\comments\\CommentDialog.js","statementMap":{"0":{"start":{"line":21,"column":28},"end":{"line":21,"column":51}},"1":{"start":{"line":23,"column":6},"end":{"line":32,"column":7}},"2":{"start":{"line":24,"column":34},"end":{"line":24,"column":64}},"3":{"start":{"line":26,"column":9},"end":{"line":31,"column":11}},"4":{"start":{"line":35,"column":26},"end":{"line":40,"column":4}},"5":{"start":{"line":36,"column":6},"end":{"line":38,"column":8}},"6":{"start":{"line":37,"column":9},"end":{"line":37,"column":31}},"7":{"start":{"line":39,"column":6},"end":{"line":39,"column":17}},"8":{"start":{"line":43,"column":6},"end":{"line":43,"column":35}},"9":{"start":{"line":44,"column":6},"end":{"line":44,"column":17}},"10":{"start":{"line":48,"column":31},"end":{"line":48,"column":41}},"11":{"start":{"line":50,"column":6},"end":{"line":54,"column":7}},"12":{"start":{"line":51,"column":9},"end":{"line":51,"column":43}},"13":{"start":{"line":53,"column":9},"end":{"line":53,"column":44}},"14":{"start":{"line":58,"column":28},"end":{"line":58,"column":51}},"15":{"start":{"line":59,"column":22},"end":{"line":59,"column":85}},"16":{"start":{"line":60,"column":6},"end":{"line":60,"column":44}},"17":{"start":{"line":62,"column":6},"end":{"line":70,"column":7}},"18":{"start":{"line":63,"column":9},"end":{"line":63,"column":42}},"19":{"start":{"line":64,"column":9},"end":{"line":64,"column":27}},"20":{"start":{"line":65,"column":9},"end":{"line":65,"column":32}},"21":{"start":{"line":67,"column":9},"end":{"line":67,"column":53}},"22":{"start":{"line":68,"column":9},"end":{"line":68,"column":27}},"23":{"start":{"line":69,"column":9},"end":{"line":69,"column":32}},"24":{"start":{"line":74,"column":31},"end":{"line":74,"column":41}},"25":{"start":{"line":75,"column":68},"end":{"line":75,"column":78}},"26":{"start":{"line":77,"column":6},"end":{"line":110,"column":7}},"27":{"start":{"line":115,"column":3},"end":{"line":115,"column":36}},"28":{"start":{"line":119,"column":3},"end":{"line":123,"column":4}},"29":{"start":{"line":120,"column":30},"end":{"line":120,"column":58}},"30":{"start":{"line":121,"column":38},"end":{"line":121,"column":74}},"31":{"start":{"line":122,"column":34},"end":{"line":122,"column":66}},"32":{"start":{"line":126,"column":0},"end":{"line":128,"column":1}}},"fnMap":{"0":{"name":"(anonymous_0)","decl":{"start":{"line":20,"column":3},"end":{"line":20,"column":4}},"loc":{"start":{"line":20,"column":23},"end":{"line":33,"column":4}},"line":20},"1":{"name":"(anonymous_1)","decl":{"start":{"line":35,"column":18},"end":{"line":35,"column":19}},"loc":{"start":{"line":35,"column":26},"end":{"line":40,"column":4}},"line":35},"2":{"name":"(anonymous_2)","decl":{"start":{"line":35,"column":26},"end":{"line":35,"column":27}},"loc":{"start":{"line":35,"column":35},"end":{"line":40,"column":4}},"line":35},"3":{"name":"(anonymous_3)","decl":{"start":{"line":36,"column":52},"end":{"line":36,"column":53}},"loc":{"start":{"line":36,"column":58},"end":{"line":38,"column":7}},"line":36},"4":{"name":"(anonymous_4)","decl":{"start":{"line":42,"column":17},"end":{"line":42,"column":18}},"loc":{"start":{"line":42,"column":23},"end":{"line":45,"column":4}},"line":42},"5":{"name":"(anonymous_5)","decl":{"start":{"line":47,"column":21},"end":{"line":47,"column":22}},"loc":{"start":{"line":47,"column":27},"end":{"line":55,"column":4}},"line":47},"6":{"name":"(anonymous_6)","decl":{"start":{"line":57,"column":16},"end":{"line":57,"column":17}},"loc":{"start":{"line":57,"column":22},"end":{"line":71,"column":4}},"line":57},"7":{"name":"(anonymous_7)","decl":{"start":{"line":73,"column":3},"end":{"line":73,"column":4}},"loc":{"start":{"line":73,"column":12},"end":{"line":111,"column":4}},"line":73},"8":{"name":"mapStateToProps","decl":{"start":{"line":114,"column":9},"end":{"line":114,"column":24}},"loc":{"start":{"line":114,"column":53},"end":{"line":116,"column":1}},"line":114},"9":{"name":"mapDispatchToProps","decl":{"start":{"line":118,"column":9},"end":{"line":118,"column":27}},"loc":{"start":{"line":118,"column":38},"end":{"line":124,"column":1}},"line":118},"10":{"name":"(anonymous_10)","decl":{"start":{"line":120,"column":24},"end":{"line":120,"column":25}},"loc":{"start":{"line":120,"column":30},"end":{"line":120,"column":58}},"line":120},"11":{"name":"(anonymous_11)","decl":{"start":{"line":121,"column":21},"end":{"line":121,"column":22}},"loc":{"start":{"line":121,"column":38},"end":{"line":121,"column":74}},"line":121},"12":{"name":"(anonymous_12)","decl":{"start":{"line":122,"column":21},"end":{"line":122,"column":22}},"loc":{"start":{"line":122,"column":34},"end":{"line":122,"column":66}},"line":122}},"branchMap":{"0":{"loc":{"start":{"line":23,"column":6},"end":{"line":32,"column":7}},"type":"if","locations":[{"start":{"line":23,"column":6},"end":{"line":32,"column":7}},{"start":{"line":23,"column":6},"end":{"line":32,"column":7}}],"line":23},"1":{"loc":{"start":{"line":50,"column":6},"end":{"line":54,"column":7}},"type":"if","locations":[{"start":{"line":50,"column":6},"end":{"line":54,"column":7}},{"start":{"line":50,"column":6},"end":{"line":54,"column":7}}],"line":50},"2":{"loc":{"start":{"line":50,"column":10},"end":{"line":50,"column":38}},"type":"binary-expr","locations":[{"start":{"line":50,"column":10},"end":{"line":50,"column":21}},{"start":{"line":50,"column":25},"end":{"line":50,"column":38}}],"line":50},"3":{"loc":{"start":{"line":62,"column":6},"end":{"line":70,"column":7}},"type":"if","locations":[{"start":{"line":62,"column":6},"end":{"line":70,"column":7}},{"start":{"line":62,"column":6},"end":{"line":70,"column":7}}],"line":62}},"s":{"0":9,"1":9,"2":5,"3":5,"4":36,"5":2,"6":2,"7":2,"8":3,"9":3,"10":2,"11":2,"12":1,"13":1,"14":2,"15":2,"16":2,"17":2,"18":1,"19":1,"20":1,"21":1,"22":1,"23":1,"24":18,"25":18,"26":18,"27":10,"28":10,"29":3,"30":1,"31":1,"32":4},"f":{"0":9,"1":36,"2":2,"3":2,"4":3,"5":2,"6":2,"7":18,"8":10,"9":10,"10":3,"11":1,"12":1},"b":{"0":[5,4],"1":[1,1],"2":[2,2],"3":[1,1]},"_coverageSchema":"332fd63041d2c1bcb487cc26dd0d5f7d97098a6c","hash":"48a0b6d731ebf330dfddb000777b38627d001e80"}
,"C:\\Users\\xas\\Desktop\\Nanodegree\\Projetos\\Readable\\readable\\src\\components\\posts\\comments\\index.js": {"path":"C:\\Users\\xas\\Desktop\\Nanodegree\\Projetos\\Readable\\readable\\src\\components\\posts\\comments\\index.js","statementMap":{"0":{"start":{"line":14,"column":6},"end":{"line":14,"column":47}},"1":{"start":{"line":18,"column":6},"end":{"line":18,"column":35}},"2":{"start":{"line":19,"column":6},"end":{"line":19,"column":17}},"3":{"start":{"line":23,"column":27},"end":{"line":23,"column":53}},"4":{"start":{"line":24,"column":49},"end":{"line":24,"column":59}},"5":{"start":{"line":26,"column":6},"end":{"line":49,"column":7}},"6":{"start":{"line":36,"column":15},"end":{"line":36,"column":52}},"7":{"start":{"line":39,"column":35},"end":{"line":39,"column":52}},"8":{"start":{"line":54,"column":18},"end":{"line":54,"column":20}},"9":{"start":{"line":56,"column":3},"end":{"line":59,"column":5}},"10":{"start":{"line":57,"column":6},"end":{"line":58,"column":35}},"11":{"start":{"line":58,"column":9},"end":{"line":58,"column":35}},"12":{"start":{"line":61,"column":3},"end":{"line":64,"column":4}},"13":{"start":{"line":68,"column":3},"end":{"line":71,"column":4}},"14":{"start":{"line":69,"column":31},"end":{"line":69,"column":60}},"15":{"start":{"line":70,"column":30},"end":{"line":70,"column":58}},"16":{"start":{"line":74,"column":0},"end":{"line":76,"column":1}}},"fnMap":{"0":{"name":"(anonymous_0)","decl":{"start":{"line":13,"column":3},"end":{"line":13,"column":4}},"loc":{"start":{"line":13,"column":23},"end":{"line":15,"column":4}},"line":13},"1":{"name":"(anonymous_1)","decl":{"start":{"line":17,"column":16},"end":{"line":17,"column":17}},"loc":{"start":{"line":17,"column":22},"end":{"line":20,"column":4}},"line":17},"2":{"name":"(anonymous_2)","decl":{"start":{"line":22,"column":3},"end":{"line":22,"column":4}},"loc":{"start":{"line":22,"column":12},"end":{"line":50,"column":4}},"line":22},"3":{"name":"(anonymous_3)","decl":{"start":{"line":35,"column":26},"end":{"line":35,"column":27}},"loc":{"start":{"line":36,"column":15},"end":{"line":36,"column":52}},"line":36},"4":{"name":"(anonymous_4)","decl":{"start":{"line":39,"column":29},"end":{"line":39,"column":30}},"loc":{"start":{"line":39,"column":35},"end":{"line":39,"column":52}},"line":39},"5":{"name":"mapStateToProps","decl":{"start":{"line":53,"column":9},"end":{"line":53,"column":24}},"loc":{"start":{"line":53,"column":42},"end":{"line":65,"column":1}},"line":53},"6":{"name":"(anonymous_6)","decl":{"start":{"line":56,"column":28},"end":{"line":56,"column":29}},"loc":{"start":{"line":56,"column":52},"end":{"line":59,"column":4}},"line":56},"7":{"name":"mapDispatchToProps","decl":{"start":{"line":67,"column":9},"end":{"line":67,"column":27}},"loc":{"start":{"line":67,"column":38},"end":{"line":72,"column":1}},"line":67},"8":{"name":"(anonymous_8)","decl":{"start":{"line":69,"column":19},"end":{"line":69,"column":20}},"loc":{"start":{"line":69,"column":31},"end":{"line":69,"column":60}},"line":69},"9":{"name":"(anonymous_9)","decl":{"start":{"line":70,"column":24},"end":{"line":70,"column":25}},"loc":{"start":{"line":70,"column":30},"end":{"line":70,"column":58}},"line":70}},"branchMap":{"0":{"loc":{"start":{"line":31,"column":22},"end":{"line":31,"column":51}},"type":"cond-expr","locations":[{"start":{"line":31,"column":43},"end":{"line":31,"column":45}},{"start":{"line":31,"column":48},"end":{"line":31,"column":51}}],"line":31},"1":{"loc":{"start":{"line":45,"column":13},"end":{"line":46,"column":50}},"type":"binary-expr","locations":[{"start":{"line":45,"column":13},"end":{"line":45,"column":30}},{"start":{"line":46,"column":15},"end":{"line":46,"column":50}}],"line":45},"2":{"loc":{"start":{"line":57,"column":6},"end":{"line":58,"column":35}},"type":"if","locations":[{"start":{"line":57,"column":6},"end":{"line":58,"column":35}},{"start":{"line":57,"column":6},"end":{"line":58,"column":35}}],"line":57}},"s":{"0":11,"1":1,"2":1,"3":11,"4":11,"5":11,"6":3,"7":1,"8":12,"9":12,"10":4,"11":3,"12":12,"13":12,"14":11,"15":1,"16":3},"f":{"0":11,"1":1,"2":11,"3":3,"4":1,"5":12,"6":4,"7":12,"8":11,"9":1},"b":{"0":[3,8],"1":[11,3],"2":[3,1]},"_coverageSchema":"332fd63041d2c1bcb487cc26dd0d5f7d97098a6c","hash":"dac2f6c7a194970b5808c2fe8e310b777862f041"}
,"C:\\Users\\xas\\Desktop\\Nanodegree\\Projetos\\Readable\\readable\\src\\reducers\\categoriesReducer.js": {"path":"C:\\Users\\xas\\Desktop\\Nanodegree\\Projetos\\Readable\\readable\\src\\reducers\\categoriesReducer.js","statementMap":{"0":{"start":{"line":4,"column":3},"end":{"line":10,"column":4}},"1":{"start":{"line":6,"column":9},"end":{"line":6,"column":47}},"2":{"start":{"line":6,"column":40},"end":{"line":6,"column":46}},"3":{"start":{"line":9,"column":9},"end":{"line":9,"column":21}},"4":{"start":{"line":13,"column":20},"end":{"line":13,"column":22}}},"fnMap":{"0":{"name":"(anonymous_0)","decl":{"start":{"line":3,"column":15},"end":{"line":3,"column":16}},"loc":{"start":{"line":3,"column":45},"end":{"line":11,"column":1}},"line":3},"1":{"name":"(anonymous_1)","decl":{"start":{"line":6,"column":35},"end":{"line":6,"column":36}},"loc":{"start":{"line":6,"column":40},"end":{"line":6,"column":46}},"line":6}},"branchMap":{"0":{"loc":{"start":{"line":3,"column":25},"end":{"line":3,"column":35}},"type":"default-arg","locations":[{"start":{"line":3,"column":33},"end":{"line":3,"column":35}}],"line":3},"1":{"loc":{"start":{"line":4,"column":3},"end":{"line":10,"column":4}},"type":"switch","locations":[{"start":{"line":5,"column":6},"end":{"line":6,"column":47}},{"start":{"line":8,"column":6},"end":{"line":9,"column":21}}],"line":4}},"s":{"0":2,"1":1,"2":1,"3":1,"4":1},"f":{"0":2,"1":1},"b":{"0":[1],"1":[1,1]},"_coverageSchema":"332fd63041d2c1bcb487cc26dd0d5f7d97098a6c","hash":"3c0a70a1d011aead94ceab9ba321fdd60c279555"}
,"C:\\Users\\xas\\Desktop\\Nanodegree\\Projetos\\Readable\\readable\\src\\reducers\\commentModalReducer.js": {"path":"C:\\Users\\xas\\Desktop\\Nanodegree\\Projetos\\Readable\\readable\\src\\reducers\\commentModalReducer.js","statementMap":{"0":{"start":{"line":3,"column":21},"end":{"line":6,"column":1}},"1":{"start":{"line":9,"column":3},"end":{"line":16,"column":4}},"2":{"start":{"line":11,"column":27},"end":{"line":11,"column":63}},"3":{"start":{"line":12,"column":9},"end":{"line":12,"column":48}},"4":{"start":{"line":15,"column":9},"end":{"line":15,"column":21}}},"fnMap":{"0":{"name":"(anonymous_0)","decl":{"start":{"line":8,"column":15},"end":{"line":8,"column":16}},"loc":{"start":{"line":8,"column":55},"end":{"line":17,"column":1}},"line":8}},"branchMap":{"0":{"loc":{"start":{"line":8,"column":25},"end":{"line":8,"column":45}},"type":"default-arg","locations":[{"start":{"line":8,"column":33},"end":{"line":8,"column":45}}],"line":8},"1":{"loc":{"start":{"line":9,"column":3},"end":{"line":16,"column":4}},"type":"switch","locations":[{"start":{"line":10,"column":6},"end":{"line":12,"column":48}},{"start":{"line":14,"column":6},"end":{"line":15,"column":21}}],"line":9},"2":{"loc":{"start":{"line":11,"column":27},"end":{"line":11,"column":63}},"type":"cond-expr","locations":[{"start":{"line":11,"column":44},"end":{"line":11,"column":58}},{"start":{"line":11,"column":61},"end":{"line":11,"column":63}}],"line":11}},"s":{"0":1,"1":3,"2":2,"3":2,"4":1},"f":{"0":3},"b":{"0":[1],"1":[2,1],"2":[1,1]},"_coverageSchema":"332fd63041d2c1bcb487cc26dd0d5f7d97098a6c","hash":"0ab81976dcc1a652c997df4105933419686e1363"}
,"C:\\Users\\xas\\Desktop\\Nanodegree\\Projetos\\Readable\\readable\\src\\reducers\\commentsReducer.js": {"path":"C:\\Users\\xas\\Desktop\\Nanodegree\\Projetos\\Readable\\readable\\src\\reducers\\commentsReducer.js","statementMap":{"0":{"start":{"line":12,"column":3},"end":{"line":32,"column":4}},"1":{"start":{"line":14,"column":22},"end":{"line":14,"column":69}},"2":{"start":{"line":15,"column":9},"end":{"line":15,"column":54}},"3":{"start":{"line":19,"column":9},"end":{"line":19,"column":65}},"4":{"start":{"line":23,"column":23},"end":{"line":23,"column":72}},"5":{"start":{"line":24,"column":27},"end":{"line":24,"column":80}},"6":{"start":{"line":25,"column":9},"end":{"line":25,"column":49}},"7":{"start":{"line":28,"column":9},"end":{"line":28,"column":45}},"8":{"start":{"line":31,"column":9},"end":{"line":31,"column":21}}},"fnMap":{"0":{"name":"(anonymous_0)","decl":{"start":{"line":11,"column":15},"end":{"line":11,"column":16}},"loc":{"start":{"line":11,"column":45},"end":{"line":33,"column":1}},"line":11}},"branchMap":{"0":{"loc":{"start":{"line":11,"column":25},"end":{"line":11,"column":35}},"type":"default-arg","locations":[{"start":{"line":11,"column":33},"end":{"line":11,"column":35}}],"line":11},"1":{"loc":{"start":{"line":12,"column":3},"end":{"line":32,"column":4}},"type":"switch","locations":[{"start":{"line":13,"column":6},"end":{"line":15,"column":54}},{"start":{"line":17,"column":6},"end":{"line":17,"column":26}},{"start":{"line":18,"column":6},"end":{"line":19,"column":65}},{"start":{"line":21,"column":6},"end":{"line":21,"column":29}},{"start":{"line":22,"column":6},"end":{"line":25,"column":49}},{"start":{"line":27,"column":6},"end":{"line":28,"column":45}},{"start":{"line":30,"column":6},"end":{"line":31,"column":21}}],"line":12}},"s":{"0":7,"1":1,"2":1,"3":2,"4":2,"5":2,"6":2,"7":1,"8":1},"f":{"0":7},"b":{"0":[1],"1":[1,1,2,1,2,1,1]},"_coverageSchema":"332fd63041d2c1bcb487cc26dd0d5f7d97098a6c","hash":"07d6c48e01d41ce3f5c07959966b00e9bc9ed211"}
,"C:\\Users\\xas\\Desktop\\Nanodegree\\Projetos\\Readable\\readable\\src\\reducers\\currentCategoryReducer.js": {"path":"C:\\Users\\xas\\Desktop\\Nanodegree\\Projetos\\Readable\\readable\\src\\reducers\\currentCategoryReducer.js","statementMap":{"0":{"start":{"line":4,"column":3},"end":{"line":10,"column":4}},"1":{"start":{"line":6,"column":9},"end":{"line":6,"column":30}},"2":{"start":{"line":9,"column":9},"end":{"line":9,"column":21}}},"fnMap":{"0":{"name":"(anonymous_0)","decl":{"start":{"line":3,"column":15},"end":{"line":3,"column":16}},"loc":{"start":{"line":3,"column":48},"end":{"line":11,"column":1}},"line":3}},"branchMap":{"0":{"loc":{"start":{"line":3,"column":25},"end":{"line":3,"column":38}},"type":"default-arg","locations":[{"start":{"line":3,"column":33},"end":{"line":3,"column":38}}],"line":3},"1":{"loc":{"start":{"line":4,"column":3},"end":{"line":10,"column":4}},"type":"switch","locations":[{"start":{"line":5,"column":6},"end":{"line":6,"column":30}},{"start":{"line":8,"column":6},"end":{"line":9,"column":21}}],"line":4}},"s":{"0":2,"1":1,"2":1},"f":{"0":2},"b":{"0":[1],"1":[1,1]},"_coverageSchema":"332fd63041d2c1bcb487cc26dd0d5f7d97098a6c","hash":"36a2b0bd8efd4bdc68743eed2425b4c96e37179b"}
,"C:\\Users\\xas\\Desktop\\Nanodegree\\Projetos\\Readable\\readable\\src\\reducers\\modalReducer.js": {"path":"C:\\Users\\xas\\Desktop\\Nanodegree\\Projetos\\Readable\\readable\\src\\reducers\\modalReducer.js","statementMap":{"0":{"start":{"line":3,"column":21},"end":{"line":6,"column":1}},"1":{"start":{"line":9,"column":3},"end":{"line":16,"column":4}},"2":{"start":{"line":11,"column":24},"end":{"line":11,"column":60}},"3":{"start":{"line":12,"column":9},"end":{"line":12,"column":63}},"4":{"start":{"line":15,"column":9},"end":{"line":15,"column":21}}},"fnMap":{"0":{"name":"(anonymous_0)","decl":{"start":{"line":8,"column":15},"end":{"line":8,"column":16}},"loc":{"start":{"line":8,"column":55},"end":{"line":17,"column":1}},"line":8}},"branchMap":{"0":{"loc":{"start":{"line":8,"column":25},"end":{"line":8,"column":45}},"type":"default-arg","locations":[{"start":{"line":8,"column":33},"end":{"line":8,"column":45}}],"line":8},"1":{"loc":{"start":{"line":9,"column":3},"end":{"line":16,"column":4}},"type":"switch","locations":[{"start":{"line":10,"column":6},"end":{"line":12,"column":63}},{"start":{"line":14,"column":6},"end":{"line":15,"column":21}}],"line":9},"2":{"loc":{"start":{"line":11,"column":24},"end":{"line":11,"column":60}},"type":"cond-expr","locations":[{"start":{"line":11,"column":41},"end":{"line":11,"column":55}},{"start":{"line":11,"column":58},"end":{"line":11,"column":60}}],"line":11}},"s":{"0":1,"1":3,"2":2,"3":2,"4":1},"f":{"0":3},"b":{"0":[1],"1":[2,1],"2":[1,1]},"_coverageSchema":"332fd63041d2c1bcb487cc26dd0d5f7d97098a6c","hash":"e68e30261e139a46849c0c7376c2936d5f74c8d7"}
,"C:\\Users\\xas\\Desktop\\Nanodegree\\Projetos\\Readable\\readable\\src\\reducers\\postsReducer.js": {"path":"C:\\Users\\xas\\Desktop\\Nanodegree\\Projetos\\Readable\\readable\\src\\reducers\\postsReducer.js","statementMap":{"0":{"start":{"line":16,"column":3},"end":{"line":46,"column":4}},"1":{"start":{"line":18,"column":22},"end":{"line":18,"column":69}},"2":{"start":{"line":19,"column":23},"end":{"line":19,"column":44}},"3":{"start":{"line":20,"column":9},"end":{"line":20,"column":38}},"4":{"start":{"line":27,"column":9},"end":{"line":27,"column":65}},"5":{"start":{"line":30,"column":9},"end":{"line":30,"column":45}},"6":{"start":{"line":33,"column":31},"end":{"line":33,"column":84}},"7":{"start":{"line":34,"column":9},"end":{"line":34,"column":46}},"8":{"start":{"line":37,"column":31},"end":{"line":37,"column":69}},"9":{"start":{"line":38,"column":9},"end":{"line":38,"column":46}},"10":{"start":{"line":41,"column":29},"end":{"line":41,"column":90}},"11":{"start":{"line":41,"column":54},"end":{"line":41,"column":78}},"12":{"start":{"line":42,"column":9},"end":{"line":42,"column":44}},"13":{"start":{"line":45,"column":9},"end":{"line":45,"column":21}}},"fnMap":{"0":{"name":"(anonymous_0)","decl":{"start":{"line":15,"column":15},"end":{"line":15,"column":16}},"loc":{"start":{"line":15,"column":45},"end":{"line":47,"column":1}},"line":15},"1":{"name":"(anonymous_1)","decl":{"start":{"line":41,"column":46},"end":{"line":41,"column":47}},"loc":{"start":{"line":41,"column":54},"end":{"line":41,"column":78}},"line":41}},"branchMap":{"0":{"loc":{"start":{"line":15,"column":25},"end":{"line":15,"column":35}},"type":"default-arg","locations":[{"start":{"line":15,"column":33},"end":{"line":15,"column":35}}],"line":15},"1":{"loc":{"start":{"line":16,"column":3},"end":{"line":46,"column":4}},"type":"switch","locations":[{"start":{"line":17,"column":6},"end":{"line":20,"column":38}},{"start":{"line":22,"column":6},"end":{"line":22,"column":20}},{"start":{"line":23,"column":6},"end":{"line":23,"column":23}},{"start":{"line":24,"column":6},"end":{"line":24,"column":23}},{"start":{"line":25,"column":6},"end":{"line":25,"column":19}},{"start":{"line":26,"column":6},"end":{"line":27,"column":65}},{"start":{"line":29,"column":6},"end":{"line":30,"column":45}},{"start":{"line":32,"column":6},"end":{"line":34,"column":46}},{"start":{"line":36,"column":6},"end":{"line":38,"column":46}},{"start":{"line":40,"column":6},"end":{"line":42,"column":44}},{"start":{"line":44,"column":6},"end":{"line":45,"column":21}}],"line":16}},"s":{"0":11,"1":1,"2":1,"3":1,"4":5,"5":1,"6":1,"7":1,"8":1,"9":1,"10":1,"11":2,"12":1,"13":1},"f":{"0":11,"1":2},"b":{"0":[1],"1":[1,1,2,3,4,5,1,1,1,1,1]},"_coverageSchema":"332fd63041d2c1bcb487cc26dd0d5f7d97098a6c","hash":"74d71dc6b920b9a7a4ec11e96ec7c8c60dbe072d"}
,"C:\\Users\\xas\\Desktop\\Nanodegree\\Projetos\\Readable\\readable\\src\\reducers\\snackbarReducer.js": {"path":"C:\\Users\\xas\\Desktop\\Nanodegree\\Projetos\\Readable\\readable\\src\\reducers\\snackbarReducer.js","statementMap":{"0":{"start":{"line":11,"column":21},"end":{"line":14,"column":1}},"1":{"start":{"line":17,"column":3},"end":{"line":41,"column":4}},"2":{"start":{"line":19,"column":9},"end":{"line":19,"column":44}},"3":{"start":{"line":22,"column":9},"end":{"line":22,"column":55}},"4":{"start":{"line":25,"column":9},"end":{"line":25,"column":55}},"5":{"start":{"line":28,"column":9},"end":{"line":28,"column":55}},"6":{"start":{"line":31,"column":9},"end":{"line":31,"column":58}},"7":{"start":{"line":34,"column":9},"end":{"line":34,"column":58}},"8":{"start":{"line":37,"column":9},"end":{"line":37,"column":58}},"9":{"start":{"line":40,"column":9},"end":{"line":40,"column":21}}},"fnMap":{"0":{"name":"(anonymous_0)","decl":{"start":{"line":16,"column":15},"end":{"line":16,"column":16}},"loc":{"start":{"line":16,"column":55},"end":{"line":42,"column":1}},"line":16}},"branchMap":{"0":{"loc":{"start":{"line":16,"column":25},"end":{"line":16,"column":45}},"type":"default-arg","locations":[{"start":{"line":16,"column":33},"end":{"line":16,"column":45}}],"line":16},"1":{"loc":{"start":{"line":17,"column":3},"end":{"line":41,"column":4}},"type":"switch","locations":[{"start":{"line":18,"column":6},"end":{"line":19,"column":44}},{"start":{"line":21,"column":6},"end":{"line":22,"column":55}},{"start":{"line":24,"column":6},"end":{"line":25,"column":55}},{"start":{"line":27,"column":6},"end":{"line":28,"column":55}},{"start":{"line":30,"column":6},"end":{"line":31,"column":58}},{"start":{"line":33,"column":6},"end":{"line":34,"column":58}},{"start":{"line":36,"column":6},"end":{"line":37,"column":58}},{"start":{"line":39,"column":6},"end":{"line":40,"column":21}}],"line":17}},"s":{"0":1,"1":8,"2":1,"3":1,"4":1,"5":1,"6":1,"7":1,"8":1,"9":1},"f":{"0":8},"b":{"0":[1],"1":[1,1,1,1,1,1,1,1]},"_coverageSchema":"332fd63041d2c1bcb487cc26dd0d5f7d97098a6c","hash":"b9df9d29fa26fcfdb84e49d8cd4a8cf4cb227ffd"}
,"C:\\Users\\xas\\Desktop\\Nanodegree\\Projetos\\Readable\\readable\\src\\utils\\helpers.js": {"path":"C:\\Users\\xas\\Desktop\\Nanodegree\\Projetos\\Readable\\readable\\src\\utils\\helpers.js","statementMap":{"0":{"start":{"line":4,"column":16},"end":{"line":4,"column":35}},"1":{"start":{"line":5,"column":18},"end":{"line":5,"column":102}},"2":{"start":{"line":6,"column":22},"end":{"line":6,"column":91}},"3":{"start":{"line":7,"column":3},"end":{"line":7,"column":20}},"4":{"start":{"line":11,"column":22},"end":{"line":11,"column":101}},"5":{"start":{"line":12,"column":3},"end":{"line":12,"column":20}}},"fnMap":{"0":{"name":"dateBeauty","decl":{"start":{"line":3,"column":16},"end":{"line":3,"column":26}},"loc":{"start":{"line":3,"column":38},"end":{"line":8,"column":1}},"line":3},"1":{"name":"voteBeauty","decl":{"start":{"line":10,"column":16},"end":{"line":10,"column":26}},"loc":{"start":{"line":10,"column":38},"end":{"line":13,"column":1}},"line":10}},"branchMap":{"0":{"loc":{"start":{"line":11,"column":22},"end":{"line":11,"column":101}},"type":"cond-expr","locations":[{"start":{"line":11,"column":38},"end":{"line":11,"column":53}},{"start":{"line":11,"column":56},"end":{"line":11,"column":101}}],"line":11}},"s":{"0":37,"1":37,"2":37,"3":37,"4":37,"5":37},"f":{"0":37,"1":37},"b":{"0":[3,34]},"_coverageSchema":"332fd63041d2c1bcb487cc26dd0d5f7d97098a6c","hash":"2af25a903a9be01d6af937dc1f0bdeb87176af91"}
,"C:\\Users\\xas\\Desktop\\Nanodegree\\Projetos\\Readable\\readable\\src\\utils\\api\\categories.js": {"path":"C:\\Users\\xas\\Desktop\\Nanodegree\\Projetos\\Readable\\readable\\src\\utils\\api\\categories.js","statementMap":{"0":{"start":{"line":2,"column":12},"end":{"line":2,"column":35}},"1":{"start":{"line":4,"column":14},"end":{"line":4,"column":51}},"2":{"start":{"line":6,"column":16},"end":{"line":9,"column":1}},"3":{"start":{"line":11,"column":29},"end":{"line":14,"column":36}},"4":{"start":{"line":12,"column":3},"end":{"line":14,"column":36}},"5":{"start":{"line":13,"column":19},"end":{"line":13,"column":29}},"6":{"start":{"line":14,"column":20},"end":{"line":14,"column":35}}},"fnMap":{"0":{"name":"(anonymous_0)","decl":{"start":{"line":11,"column":29},"end":{"line":11,"column":30}},"loc":{"start":{"line":12,"column":3},"end":{"line":14,"column":36}},"line":12},"1":{"name":"(anonymous_1)","decl":{"start":{"line":13,"column":12},"end":{"line":13,"column":13}},"loc":{"start":{"line":13,"column":19},"end":{"line":13,"column":29}},"line":13},"2":{"name":"(anonymous_2)","decl":{"start":{"line":14,"column":12},"end":{"line":14,"column":13}},"loc":{"start":{"line":14,"column":20},"end":{"line":14,"column":35}},"line":14}},"branchMap":{},"s":{"0":7,"1":7,"2":7,"3":7,"4":5,"5":5,"6":5},"f":{"0":5,"1":5,"2":5},"b":{},"_coverageSchema":"332fd63041d2c1bcb487cc26dd0d5f7d97098a6c","hash":"120546c1df056a3282518bc64f838732927b5cc4"}
,"C:\\Users\\xas\\Desktop\\Nanodegree\\Projetos\\Readable\\readable\\src\\utils\\api\\comments.js": {"path":"C:\\Users\\xas\\Desktop\\Nanodegree\\Projetos\\Readable\\readable\\src\\utils\\api\\comments.js","statementMap":{"0":{"start":{"line":3,"column":12},"end":{"line":3,"column":35}},"1":{"start":{"line":5,"column":14},"end":{"line":5,"column":20}},"2":{"start":{"line":7,"column":16},"end":{"line":10,"column":1}},"3":{"start":{"line":12,"column":27},"end":{"line":14,"column":30}},"4":{"start":{"line":13,"column":3},"end":{"line":14,"column":30}},"5":{"start":{"line":14,"column":19},"end":{"line":14,"column":29}},"6":{"start":{"line":16,"column":27},"end":{"line":24,"column":29}},"7":{"start":{"line":17,"column":3},"end":{"line":24,"column":29}},"8":{"start":{"line":24,"column":18},"end":{"line":24,"column":28}},"9":{"start":{"line":26,"column":29},"end":{"line":34,"column":29}},"10":{"start":{"line":27,"column":3},"end":{"line":34,"column":29}},"11":{"start":{"line":34,"column":18},"end":{"line":34,"column":28}},"12":{"start":{"line":36,"column":29},"end":{"line":48,"column":29}},"13":{"start":{"line":37,"column":3},"end":{"line":48,"column":29}},"14":{"start":{"line":48,"column":18},"end":{"line":48,"column":28}},"15":{"start":{"line":50,"column":29},"end":{"line":54,"column":5}},"16":{"start":{"line":51,"column":3},"end":{"line":54,"column":5}}},"fnMap":{"0":{"name":"(anonymous_0)","decl":{"start":{"line":12,"column":27},"end":{"line":12,"column":28}},"loc":{"start":{"line":13,"column":3},"end":{"line":14,"column":30}},"line":13},"1":{"name":"(anonymous_1)","decl":{"start":{"line":14,"column":12},"end":{"line":14,"column":13}},"loc":{"start":{"line":14,"column":19},"end":{"line":14,"column":29}},"line":14},"2":{"name":"(anonymous_2)","decl":{"start":{"line":16,"column":27},"end":{"line":16,"column":28}},"loc":{"start":{"line":17,"column":3},"end":{"line":24,"column":29}},"line":17},"3":{"name":"(anonymous_3)","decl":{"start":{"line":24,"column":11},"end":{"line":24,"column":12}},"loc":{"start":{"line":24,"column":18},"end":{"line":24,"column":28}},"line":24},"4":{"name":"(anonymous_4)","decl":{"start":{"line":26,"column":29},"end":{"line":26,"column":30}},"loc":{"start":{"line":27,"column":3},"end":{"line":34,"column":29}},"line":27},"5":{"name":"(anonymous_5)","decl":{"start":{"line":34,"column":11},"end":{"line":34,"column":12}},"loc":{"start":{"line":34,"column":18},"end":{"line":34,"column":28}},"line":34},"6":{"name":"(anonymous_6)","decl":{"start":{"line":36,"column":29},"end":{"line":36,"column":30}},"loc":{"start":{"line":37,"column":3},"end":{"line":48,"column":29}},"line":37},"7":{"name":"(anonymous_7)","decl":{"start":{"line":48,"column":11},"end":{"line":48,"column":12}},"loc":{"start":{"line":48,"column":18},"end":{"line":48,"column":28}},"line":48},"8":{"name":"(anonymous_8)","decl":{"start":{"line":50,"column":29},"end":{"line":50,"column":30}},"loc":{"start":{"line":51,"column":3},"end":{"line":54,"column":5}},"line":51}},"branchMap":{},"s":{"0":5,"1":5,"2":5,"3":5,"4":11,"5":8,"6":5,"7":4,"8":4,"9":5,"10":2,"11":1,"12":5,"13":2,"14":1,"15":5,"16":2},"f":{"0":11,"1":8,"2":4,"3":4,"4":2,"5":1,"6":2,"7":1,"8":2},"b":{},"_coverageSchema":"332fd63041d2c1bcb487cc26dd0d5f7d97098a6c","hash":"188ddb85717e39a90306e3f458529c21049cb85d"}
,"C:\\Users\\xas\\Desktop\\Nanodegree\\Projetos\\Readable\\readable\\src\\utils\\api\\posts.js": {"path":"C:\\Users\\xas\\Desktop\\Nanodegree\\Projetos\\Readable\\readable\\src\\utils\\api\\posts.js","statementMap":{"0":{"start":{"line":3,"column":12},"end":{"line":3,"column":35}},"1":{"start":{"line":5,"column":14},"end":{"line":5,"column":20}},"2":{"start":{"line":7,"column":16},"end":{"line":10,"column":1}},"3":{"start":{"line":12,"column":23},"end":{"line":14,"column":30}},"4":{"start":{"line":13,"column":3},"end":{"line":14,"column":30}},"5":{"start":{"line":14,"column":19},"end":{"line":14,"column":29}},"6":{"start":{"line":16,"column":24},"end":{"line":18,"column":30}},"7":{"start":{"line":17,"column":3},"end":{"line":18,"column":30}},"8":{"start":{"line":18,"column":19},"end":{"line":18,"column":29}},"9":{"start":{"line":20,"column":24},"end":{"line":28,"column":29}},"10":{"start":{"line":21,"column":3},"end":{"line":28,"column":29}},"11":{"start":{"line":28,"column":18},"end":{"line":28,"column":28}},"12":{"start":{"line":30,"column":26},"end":{"line":42,"column":29}},"13":{"start":{"line":31,"column":3},"end":{"line":42,"column":29}},"14":{"start":{"line":42,"column":18},"end":{"line":42,"column":28}},"15":{"start":{"line":44,"column":26},"end":{"line":52,"column":29}},"16":{"start":{"line":45,"column":3},"end":{"line":52,"column":29}},"17":{"start":{"line":52,"column":18},"end":{"line":52,"column":28}},"18":{"start":{"line":54,"column":26},"end":{"line":58,"column":5}},"19":{"start":{"line":55,"column":3},"end":{"line":58,"column":5}}},"fnMap":{"0":{"name":"(anonymous_0)","decl":{"start":{"line":12,"column":23},"end":{"line":12,"column":24}},"loc":{"start":{"line":13,"column":3},"end":{"line":14,"column":30}},"line":13},"1":{"name":"(anonymous_1)","decl":{"start":{"line":14,"column":12},"end":{"line":14,"column":13}},"loc":{"start":{"line":14,"column":19},"end":{"line":14,"column":29}},"line":14},"2":{"name":"(anonymous_2)","decl":{"start":{"line":16,"column":24},"end":{"line":16,"column":25}},"loc":{"start":{"line":17,"column":3},"end":{"line":18,"column":30}},"line":17},"3":{"name":"(anonymous_3)","decl":{"start":{"line":18,"column":12},"end":{"line":18,"column":13}},"loc":{"start":{"line":18,"column":19},"end":{"line":18,"column":29}},"line":18},"4":{"name":"(anonymous_4)","decl":{"start":{"line":20,"column":24},"end":{"line":20,"column":25}},"loc":{"start":{"line":21,"column":3},"end":{"line":28,"column":29}},"line":21},"5":{"name":"(anonymous_5)","decl":{"start":{"line":28,"column":11},"end":{"line":28,"column":12}},"loc":{"start":{"line":28,"column":18},"end":{"line":28,"column":28}},"line":28},"6":{"name":"(anonymous_6)","decl":{"start":{"line":30,"column":26},"end":{"line":30,"column":27}},"loc":{"start":{"line":31,"column":3},"end":{"line":42,"column":29}},"line":31},"7":{"name":"(anonymous_7)","decl":{"start":{"line":42,"column":11},"end":{"line":42,"column":12}},"loc":{"start":{"line":42,"column":18},"end":{"line":42,"column":28}},"line":42},"8":{"name":"(anonymous_8)","decl":{"start":{"line":44,"column":26},"end":{"line":44,"column":27}},"loc":{"start":{"line":45,"column":3},"end":{"line":52,"column":29}},"line":45},"9":{"name":"(anonymous_9)","decl":{"start":{"line":52,"column":11},"end":{"line":52,"column":12}},"loc":{"start":{"line":52,"column":18},"end":{"line":52,"column":28}},"line":52},"10":{"name":"(anonymous_10)","decl":{"start":{"line":54,"column":26},"end":{"line":54,"column":27}},"loc":{"start":{"line":55,"column":3},"end":{"line":58,"column":5}},"line":55}},"branchMap":{},"s":{"0":7,"1":7,"2":7,"3":7,"4":4,"5":3,"6":7,"7":9,"8":4,"9":7,"10":4,"11":2,"12":7,"13":2,"14":1,"15":7,"16":2,"17":1,"18":7,"19":2},"f":{"0":4,"1":3,"2":9,"3":4,"4":4,"5":2,"6":2,"7":1,"8":2,"9":1,"10":2},"b":{},"_coverageSchema":"332fd63041d2c1bcb487cc26dd0d5f7d97098a6c","hash":"1773d516dd666f7fbcff4b7fc2393f796a4b38fd"}
}
