TN:
SF:C:\Users\xas\Desktop\Nanodegree\Projetos\Readable\readable\src\setupTests.js
FNF:0
FNH:0
DA:4,17
LF:1
LH:1
BRF:0
BRH:0
end_of_record
TN:
SF:C:\Users\xas\Desktop\Nanodegree\Projetos\Readable\readable\src\actions\commentActions.js
FN:13,(anonymous_0)
FN:13,(anonymous_1)
FN:15,(anonymous_2)
FN:21,(anonymous_3)
FN:21,(anonymous_4)
FN:23,(anonymous_5)
FN:29,(anonymous_6)
FN:29,(anonymous_7)
FN:31,(anonymous_8)
FN:37,(anonymous_9)
FN:37,(anonymous_10)
FN:39,(anonymous_11)
FN:45,openCommentModal
FN:52,(anonymous_13)
FN:52,(anonymous_14)
FN:54,(anonymous_15)
FN:60,(anonymous_16)
FN:60,(anonymous_17)
FN:62,(anonymous_18)
FNF:19
FNH:19
FNDA:11,(anonymous_0)
FNDA:11,(anonymous_1)
FNDA:8,(anonymous_2)
FNDA:2,(anonymous_3)
FNDA:2,(anonymous_4)
FNDA:2,(anonymous_5)
FNDA:2,(anonymous_6)
FNDA:2,(anonymous_7)
FNDA:2,(anonymous_8)
FNDA:2,(anonymous_9)
FNDA:2,(anonymous_10)
FNDA:1,(anonymous_11)
FNDA:6,openCommentModal
FNDA:2,(anonymous_13)
FNDA:2,(anonymous_14)
FNDA:1,(anonymous_15)
FNDA:2,(anonymous_16)
FNDA:2,(anonymous_17)
FNDA:2,(anonymous_18)
DA:13,11
DA:14,11
DA:15,8
DA:21,5
DA:22,2
DA:23,2
DA:29,5
DA:30,2
DA:31,2
DA:37,5
DA:38,2
DA:39,1
DA:46,6
DA:52,5
DA:53,2
DA:54,1
DA:60,5
DA:61,2
DA:62,2
LF:19
LH:19
BRF:0
BRH:0
end_of_record
TN:
SF:C:\Users\xas\Desktop\Nanodegree\Projetos\Readable\readable\src\actions\index.js
FN:21,openModal
FN:28,closeSnackbar
FN:32,sortByRating
FN:36,sortByDate
FN:40,sortByTitle
FN:44,changeCurrentCategory
FN:51,(anonymous_6)
FN:51,(anonymous_7)
FN:53,(anonymous_8)
FN:59,(anonymous_9)
FN:59,(anonymous_10)
FN:61,(anonymous_11)
FN:67,(anonymous_12)
FN:67,(anonymous_13)
FN:69,(anonymous_14)
FN:75,(anonymous_15)
FN:75,(anonymous_16)
FN:77,(anonymous_17)
FN:83,(anonymous_18)
FN:83,(anonymous_19)
FN:85,(anonymous_20)
FN:91,(anonymous_21)
FN:91,(anonymous_22)
FN:93,(anonymous_23)
FN:99,(anonymous_24)
FN:99,(anonymous_25)
FN:101,(anonymous_26)
FN:107,(anonymous_27)
FN:107,(anonymous_28)
FN:109,(anonymous_29)
FNF:30
FNH:30
FNDA:8,openModal
FNDA:1,closeSnackbar
FNDA:2,sortByRating
FNDA:2,sortByDate
FNDA:2,sortByTitle
FNDA:11,changeCurrentCategory
FNDA:5,(anonymous_6)
FNDA:5,(anonymous_7)
FNDA:5,(anonymous_8)
FNDA:4,(anonymous_9)
FNDA:4,(anonymous_10)
FNDA:3,(anonymous_11)
FNDA:9,(anonymous_12)
FNDA:9,(anonymous_13)
FNDA:4,(anonymous_14)
FNDA:2,(anonymous_15)
FNDA:2,(anonymous_16)
FNDA:1,(anonymous_17)
FNDA:2,(anonymous_18)
FNDA:2,(anonymous_19)
FNDA:1,(anonymous_20)
FNDA:2,(anonymous_21)
FNDA:2,(anonymous_22)
FNDA:1,(anonymous_23)
FNDA:2,(anonymous_24)
FNDA:2,(anonymous_25)
FNDA:1,(anonymous_26)
FNDA:2,(anonymous_27)
FNDA:2,(anonymous_28)
FNDA:1,(anonymous_29)
DA:22,8
DA:29,1
DA:33,2
DA:37,2
DA:41,2
DA:45,11
DA:51,7
DA:52,5
DA:53,5
DA:59,7
DA:60,4
DA:61,3
DA:67,9
DA:68,9
DA:69,4
DA:75,7
DA:76,2
DA:77,1
DA:83,7
DA:84,2
DA:85,1
DA:91,7
DA:92,2
DA:93,1
DA:99,7
DA:100,2
DA:101,1
DA:107,7
DA:108,2
DA:109,1
LF:30
LH:30
BRF:0
BRH:0
end_of_record
TN:
SF:C:\Users\xas\Desktop\Nanodegree\Projetos\Readable\readable\src\actions\types.js
FNF:0
FNH:0
DA:1,17
DA:2,17
DA:3,17
DA:4,17
DA:5,17
DA:6,17
DA:7,17
DA:8,17
DA:9,17
DA:10,17
DA:11,17
DA:12,17
DA:13,17
DA:14,17
DA:15,17
DA:16,17
DA:17,17
DA:18,17
DA:19,17
DA:20,17
DA:21,17
LF:21
LH:21
BRF:0
BRH:0
end_of_record
TN:
SF:C:\Users\xas\Desktop\Nanodegree\Projetos\Readable\readable\src\components\App.js
FN:14,(anonymous_0)
FN:18,(anonymous_1)
FN:63,mapStateToProps
FN:67,mapDispatchToProps
FN:69,(anonymous_4)
FN:70,(anonymous_5)
FNF:6
FNH:6
FNDA:4,(anonymous_0)
FNDA:4,(anonymous_1)
FNDA:5,mapStateToProps
FNDA:5,mapDispatchToProps
FNDA:4,(anonymous_4)
FNDA:1,(anonymous_5)
DA:15,4
DA:19,4
DA:21,4
DA:64,5
DA:68,5
DA:69,4
DA:70,1
LF:7
LH:7
BRDA:35,0,0,4
BRDA:35,0,1,4
BRF:2
BRH:2
end_of_record
TN:
SF:C:\Users\xas\Desktop\Nanodegree\Projetos\Readable\readable\src\components\Header.js
FN:9,(anonymous_0)
FN:13,(anonymous_1)
FN:20,(anonymous_2)
FN:29,mapDispatchToProps
FN:31,(anonymous_4)
FN:32,(anonymous_5)
FNF:6
FNH:6
FNDA:8,(anonymous_0)
FNDA:1,(anonymous_1)
FNDA:1,(anonymous_2)
FNDA:9,mapDispatchToProps
FNDA:1,(anonymous_4)
FNDA:1,(anonymous_5)
DA:9,2
DA:10,8
DA:13,1
DA:20,1
DA:30,9
DA:31,1
DA:32,1
LF:7
LH:7
BRF:0
BRH:0
end_of_record
TN:
SF:C:\Users\xas\Desktop\Nanodegree\Projetos\Readable\readable\src\components\posts\CategoriesMenu.js
FN:7,(anonymous_0)
FN:9,(anonymous_1)
FN:19,(anonymous_2)
FN:27,(anonymous_3)
FN:39,mapStateToProps
FN:43,mapDispatchToProps
FN:44,(anonymous_6)
FNF:7
FNH:7
FNDA:7,(anonymous_0)
FNDA:1,(anonymous_1)
FNDA:28,(anonymous_2)
FNDA:1,(anonymous_3)
FNDA:8,mapStateToProps
FNDA:8,mapDispatchToProps
FNDA:1,(anonymous_6)
DA:7,3
DA:9,7
DA:10,1
DA:11,1
DA:14,7
DA:16,7
DA:20,28
DA:27,1
DA:40,8
DA:44,8
LF:10
LH:10
BRDA:21,0,0,7
BRDA:21,0,1,21
BRDA:26,1,0,2
BRDA:26,1,1,26
BRF:4
BRH:4
end_of_record
TN:
SF:C:\Users\xas\Desktop\Nanodegree\Projetos\Readable\readable\src\components\posts\Post.js
FN:12,(anonymous_0)
FN:20,(anonymous_1)
FN:25,(anonymous_2)
FN:30,(anonymous_3)
FN:35,(anonymous_4)
FN:40,(anonymous_5)
FN:69,(anonymous_6)
FN:71,(anonymous_7)
FN:75,(anonymous_8)
FN:77,(anonymous_9)
FN:90,mapStateToProps
FN:96,mapDispatchToProps
FN:98,(anonymous_12)
FN:99,(anonymous_13)
FN:100,(anonymous_14)
FN:101,(anonymous_15)
FN:102,(anonymous_16)
FNF:17
FNH:17
FNDA:11,(anonymous_0)
FNDA:1,(anonymous_1)
FNDA:1,(anonymous_2)
FNDA:1,(anonymous_3)
FNDA:1,(anonymous_4)
FNDA:11,(anonymous_5)
FNDA:1,(anonymous_6)
FNDA:1,(anonymous_7)
FNDA:1,(anonymous_8)
FNDA:1,(anonymous_9)
FNDA:12,mapStateToProps
FNDA:12,mapDispatchToProps
FNDA:3,(anonymous_12)
FNDA:1,(anonymous_13)
FNDA:1,(anonymous_14)
FNDA:2,(anonymous_15)
FNDA:1,(anonymous_16)
DA:13,11
DA:15,11
DA:16,3
DA:21,1
DA:22,1
DA:26,1
DA:27,1
DA:31,1
DA:32,1
DA:36,1
DA:37,1
DA:41,11
DA:43,11
DA:44,3
DA:46,8
DA:48,8
DA:69,1
DA:71,1
DA:75,1
DA:77,1
DA:91,12
DA:92,12
DA:93,12
DA:97,12
DA:98,3
DA:99,1
DA:100,1
DA:101,2
DA:102,1
LF:29
LH:29
BRDA:15,0,0,3
BRDA:15,0,1,8
BRDA:43,1,0,3
BRDA:43,1,1,8
BRF:4
BRH:4
end_of_record
TN:
SF:C:\Users\xas\Desktop\Nanodegree\Projetos\Readable\readable\src\components\posts\PostDialog.js
FN:20,(anonymous_0)
FN:34,(anonymous_1)
FN:34,(anonymous_2)
FN:35,(anonymous_3)
FN:40,(anonymous_4)
FN:45,(anonymous_5)
FN:55,(anonymous_6)
FN:70,(anonymous_7)
FN:115,(anonymous_8)
FN:136,mapStateToProps
FN:140,mapDispatchToProps
FN:142,(anonymous_11)
FN:143,(anonymous_12)
FN:144,(anonymous_13)
FNF:14
FNH:14
FNDA:11,(anonymous_0)
FNDA:92,(anonymous_1)
FNDA:3,(anonymous_2)
FNDA:3,(anonymous_3)
FNDA:3,(anonymous_4)
FNDA:3,(anonymous_5)
FNDA:2,(anonymous_6)
FNDA:23,(anonymous_7)
FNDA:73,(anonymous_8)
FNDA:12,mapStateToProps
FNDA:12,mapDispatchToProps
FNDA:3,(anonymous_11)
FNDA:1,(anonymous_12)
FNDA:1,(anonymous_13)
DA:21,11
DA:23,11
DA:24,6
DA:26,6
DA:34,92
DA:35,3
DA:36,3
DA:41,3
DA:42,3
DA:46,3
DA:48,3
DA:49,2
DA:51,1
DA:56,2
DA:57,2
DA:59,2
DA:60,1
DA:61,1
DA:62,1
DA:64,1
DA:65,1
DA:66,1
DA:71,23
DA:72,23
DA:74,23
DA:116,73
DA:137,12
DA:141,12
DA:142,3
DA:143,1
DA:144,1
LF:31
LH:31
BRDA:23,0,0,6
BRDA:23,0,1,5
BRDA:48,1,0,2
BRDA:48,1,1,1
BRDA:48,2,0,3
BRDA:48,2,1,3
BRDA:48,2,2,2
BRDA:48,2,3,1
BRDA:59,3,0,1
BRDA:59,3,1,1
BRF:10
BRH:10
end_of_record
TN:
SF:C:\Users\xas\Desktop\Nanodegree\Projetos\Readable\readable\src\components\posts\PostPreview.js
FN:13,(anonymous_0)
FN:18,(anonymous_1)
FN:23,(anonymous_2)
FN:28,(anonymous_3)
FN:33,(anonymous_4)
FN:67,(anonymous_5)
FN:69,(anonymous_6)
FN:73,(anonymous_7)
FN:75,(anonymous_8)
FN:83,mapStateToProps
FN:87,mapDispatchToProps
FN:89,(anonymous_11)
FN:90,(anonymous_12)
FN:91,(anonymous_13)
FN:92,(anonymous_14)
FNF:15
FNH:15
FNDA:1,(anonymous_0)
FNDA:1,(anonymous_1)
FNDA:1,(anonymous_2)
FNDA:1,(anonymous_3)
FNDA:17,(anonymous_4)
FNDA:1,(anonymous_5)
FNDA:1,(anonymous_6)
FNDA:1,(anonymous_7)
FNDA:1,(anonymous_8)
FNDA:18,mapStateToProps
FNDA:18,mapDispatchToProps
FNDA:1,(anonymous_11)
FNDA:1,(anonymous_12)
FNDA:2,(anonymous_13)
FNDA:1,(anonymous_14)
DA:14,1
DA:15,1
DA:19,1
DA:20,1
DA:24,1
DA:25,1
DA:29,1
DA:30,1
DA:34,17
DA:36,17
DA:37,1
DA:39,16
DA:41,16
DA:42,1
DA:44,15
DA:67,1
DA:69,1
DA:73,1
DA:75,1
DA:84,18
DA:88,18
DA:89,1
DA:90,1
DA:91,2
DA:92,1
DA:96,3
LF:26
LH:26
BRDA:36,0,0,1
BRDA:36,0,1,16
BRDA:41,1,0,1
BRDA:41,1,1,15
BRDA:41,2,0,16
BRDA:41,2,1,6
BRDA:61,3,0,10
BRDA:61,3,1,5
BRF:8
BRH:8
end_of_record
TN:
SF:C:\Users\xas\Desktop\Nanodegree\Projetos\Readable\readable\src\components\posts\PostsHome.js
FN:18,(anonymous_0)
FN:23,(anonymous_1)
FN:27,(anonymous_2)
FN:32,(anonymous_3)
FN:46,(anonymous_4)
FN:62,(anonymous_5)
FN:95,(anonymous_6)
FN:111,(anonymous_7)
FN:122,mapStateToProps
FN:126,mapDispatchToProps
FN:128,(anonymous_10)
FN:129,(anonymous_11)
FN:130,(anonymous_12)
FN:131,(anonymous_13)
FN:132,(anonymous_14)
FNF:15
FNH:15
FNDA:9,(anonymous_0)
FNDA:9,(anonymous_1)
FNDA:1,(anonymous_2)
FNDA:5,(anonymous_3)
FNDA:4,(anonymous_4)
FNDA:15,(anonymous_5)
FNDA:33,(anonymous_6)
FNDA:11,(anonymous_7)
FNDA:10,mapStateToProps
FNDA:10,mapDispatchToProps
FNDA:9,(anonymous_10)
FNDA:2,(anonymous_11)
FNDA:2,(anonymous_12)
FNDA:2,(anonymous_13)
FNDA:9,(anonymous_14)
DA:19,9
DA:20,9
DA:24,9
DA:28,1
DA:29,1
DA:34,5
DA:35,4
DA:37,4
DA:39,1
DA:42,5
DA:43,5
DA:47,4
DA:48,4
DA:50,4
DA:52,1
DA:54,1
DA:56,1
DA:58,1
DA:63,15
DA:64,4
DA:67,11
DA:68,11
DA:70,11
DA:96,33
DA:112,11
DA:123,10
DA:127,10
DA:128,9
DA:129,2
DA:130,2
DA:131,2
DA:132,9
LF:32
LH:32
BRDA:19,0,0,9
BRDA:34,1,0,4
BRDA:34,1,1,1
BRDA:50,2,0,1
BRDA:50,2,1,1
BRDA:50,2,2,1
BRDA:50,2,3,1
BRDA:63,3,0,4
BRDA:63,3,1,11
BRDA:98,4,0,9
BRDA:98,4,1,24
BRF:11
BRH:11
end_of_record
TN:
SF:C:\Users\xas\Desktop\Nanodegree\Projetos\Readable\readable\src\components\posts\comments\Comment.js
FN:14,(anonymous_0)
FN:24,(anonymous_1)
FN:29,(anonymous_2)
FN:34,(anonymous_3)
FN:39,(anonymous_4)
FN:54,(anonymous_5)
FN:56,(anonymous_6)
FN:60,(anonymous_7)
FN:62,(anonymous_8)
FN:69,mapDispatchToProps
FN:71,(anonymous_10)
FN:72,(anonymous_11)
FN:73,(anonymous_12)
FN:74,(anonymous_13)
FNF:14
FNH:14
FNDA:14,(anonymous_0)
FNDA:1,(anonymous_1)
FNDA:1,(anonymous_2)
FNDA:1,(anonymous_3)
FNDA:1,(anonymous_4)
FNDA:1,(anonymous_5)
FNDA:1,(anonymous_6)
FNDA:1,(anonymous_7)
FNDA:1,(anonymous_8)
FNDA:15,mapDispatchToProps
FNDA:1,(anonymous_10)
FNDA:1,(anonymous_11)
FNDA:2,(anonymous_12)
FNDA:1,(anonymous_13)
DA:14,4
DA:22,14
DA:24,14
DA:25,1
DA:26,1
DA:29,14
DA:30,1
DA:31,1
DA:34,14
DA:35,1
DA:36,1
DA:39,14
DA:40,1
DA:41,1
DA:44,14
DA:54,1
DA:56,1
DA:60,1
DA:62,1
DA:70,15
DA:71,1
DA:72,1
DA:73,2
DA:74,1
DA:78,4
LF:25
LH:25
BRF:0
BRH:0
end_of_record
TN:
SF:C:\Users\xas\Desktop\Nanodegree\Projetos\Readable\readable\src\components\posts\comments\CommentDialog.js
FN:20,(anonymous_0)
FN:35,(anonymous_1)
FN:35,(anonymous_2)
FN:36,(anonymous_3)
FN:42,(anonymous_4)
FN:47,(anonymous_5)
FN:57,(anonymous_6)
FN:73,(anonymous_7)
FN:114,mapStateToProps
FN:118,mapDispatchToProps
FN:120,(anonymous_10)
FN:121,(anonymous_11)
FN:122,(anonymous_12)
FNF:13
FNH:13
FNDA:9,(anonymous_0)
FNDA:36,(anonymous_1)
FNDA:2,(anonymous_2)
FNDA:2,(anonymous_3)
FNDA:3,(anonymous_4)
FNDA:2,(anonymous_5)
FNDA:2,(anonymous_6)
FNDA:18,(anonymous_7)
FNDA:10,mapStateToProps
FNDA:10,mapDispatchToProps
FNDA:3,(anonymous_10)
FNDA:1,(anonymous_11)
FNDA:1,(anonymous_12)
DA:21,9
DA:23,9
DA:24,5
DA:26,5
DA:35,36
DA:36,2
DA:37,2
DA:39,2
DA:43,3
DA:44,3
DA:48,2
DA:50,2
DA:51,1
DA:53,1
DA:58,2
DA:59,2
DA:60,2
DA:62,2
DA:63,1
DA:64,1
DA:65,1
DA:67,1
DA:68,1
DA:69,1
DA:74,18
DA:75,18
DA:77,18
DA:115,10
DA:119,10
DA:120,3
DA:121,1
DA:122,1
DA:126,4
LF:33
LH:33
BRDA:23,0,0,5
BRDA:23,0,1,4
BRDA:50,1,0,1
BRDA:50,1,1,1
BRDA:50,2,0,2
BRDA:50,2,1,2
BRDA:62,3,0,1
BRDA:62,3,1,1
BRF:8
BRH:8
end_of_record
TN:
SF:C:\Users\xas\Desktop\Nanodegree\Projetos\Readable\readable\src\components\posts\comments\index.js
FN:13,(anonymous_0)
FN:17,(anonymous_1)
FN:22,(anonymous_2)
FN:35,(anonymous_3)
FN:39,(anonymous_4)
FN:53,mapStateToProps
FN:56,(anonymous_6)
FN:67,mapDispatchToProps
FN:69,(anonymous_8)
FN:70,(anonymous_9)
FNF:10
FNH:10
FNDA:11,(anonymous_0)
FNDA:1,(anonymous_1)
FNDA:11,(anonymous_2)
FNDA:3,(anonymous_3)
FNDA:1,(anonymous_4)
FNDA:12,mapStateToProps
FNDA:4,(anonymous_6)
FNDA:12,mapDispatchToProps
FNDA:11,(anonymous_8)
FNDA:1,(anonymous_9)
DA:14,11
DA:18,1
DA:19,1
DA:23,11
DA:24,11
DA:26,11
DA:36,3
DA:39,1
DA:54,12
DA:56,12
DA:57,4
DA:58,3
DA:61,12
DA:68,12
DA:69,11
DA:70,1
DA:74,3
LF:17
LH:17
BRDA:31,0,0,3
BRDA:31,0,1,8
BRDA:45,1,0,11
BRDA:45,1,1,3
BRDA:57,2,0,3
BRDA:57,2,1,1
BRF:6
BRH:6
end_of_record
TN:
SF:C:\Users\xas\Desktop\Nanodegree\Projetos\Readable\readable\src\reducers\categoriesReducer.js
FN:3,(anonymous_0)
FN:6,(anonymous_1)
FNF:2
FNH:2
FNDA:2,(anonymous_0)
FNDA:1,(anonymous_1)
DA:4,2
DA:6,1
DA:9,1
DA:13,1
LF:4
LH:4
BRDA:3,0,0,1
BRDA:4,1,0,1
BRDA:4,1,1,1
BRF:3
BRH:3
end_of_record
TN:
SF:C:\Users\xas\Desktop\Nanodegree\Projetos\Readable\readable\src\reducers\commentModalReducer.js
FN:8,(anonymous_0)
FNF:1
FNH:1
FNDA:3,(anonymous_0)
DA:3,1
DA:9,3
DA:11,2
DA:12,2
DA:15,1
LF:5
LH:5
BRDA:8,0,0,1
BRDA:9,1,0,2
BRDA:9,1,1,1
BRDA:11,2,0,1
BRDA:11,2,1,1
BRF:5
BRH:5
end_of_record
TN:
SF:C:\Users\xas\Desktop\Nanodegree\Projetos\Readable\readable\src\reducers\commentsReducer.js
FN:11,(anonymous_0)
FNF:1
FNH:1
FNDA:7,(anonymous_0)
DA:12,7
DA:14,1
DA:15,1
DA:19,2
DA:23,2
DA:24,2
DA:25,2
DA:28,1
DA:31,1
LF:9
LH:9
BRDA:11,0,0,1
BRDA:12,1,0,1
BRDA:12,1,1,1
BRDA:12,1,2,2
BRDA:12,1,3,1
BRDA:12,1,4,2
BRDA:12,1,5,1
BRDA:12,1,6,1
BRF:8
BRH:8
end_of_record
TN:
SF:C:\Users\xas\Desktop\Nanodegree\Projetos\Readable\readable\src\reducers\currentCategoryReducer.js
FN:3,(anonymous_0)
FNF:1
FNH:1
FNDA:2,(anonymous_0)
DA:4,2
DA:6,1
DA:9,1
LF:3
LH:3
BRDA:3,0,0,1
BRDA:4,1,0,1
BRDA:4,1,1,1
BRF:3
BRH:3
end_of_record
TN:
SF:C:\Users\xas\Desktop\Nanodegree\Projetos\Readable\readable\src\reducers\modalReducer.js
FN:8,(anonymous_0)
FNF:1
FNH:1
FNDA:3,(anonymous_0)
DA:3,1
DA:9,3
DA:11,2
DA:12,2
DA:15,1
LF:5
LH:5
BRDA:8,0,0,1
BRDA:9,1,0,2
BRDA:9,1,1,1
BRDA:11,2,0,1
BRDA:11,2,1,1
BRF:5
BRH:5
end_of_record
TN:
SF:C:\Users\xas\Desktop\Nanodegree\Projetos\Readable\readable\src\reducers\postsReducer.js
FN:15,(anonymous_0)
FN:41,(anonymous_1)
FNF:2
FNH:2
FNDA:11,(anonymous_0)
FNDA:2,(anonymous_1)
DA:16,11
DA:18,1
DA:19,1
DA:20,1
DA:27,5
DA:30,1
DA:33,1
DA:34,1
DA:37,1
DA:38,1
DA:41,2
DA:42,1
DA:45,1
LF:13
LH:13
BRDA:15,0,0,1
BRDA:16,1,0,1
BRDA:16,1,1,1
BRDA:16,1,2,2
BRDA:16,1,3,3
BRDA:16,1,4,4
BRDA:16,1,5,5
BRDA:16,1,6,1
BRDA:16,1,7,1
BRDA:16,1,8,1
BRDA:16,1,9,1
BRDA:16,1,10,1
BRF:12
BRH:12
end_of_record
TN:
SF:C:\Users\xas\Desktop\Nanodegree\Projetos\Readable\readable\src\reducers\snackbarReducer.js
FN:16,(anonymous_0)
FNF:1
FNH:1
FNDA:8,(anonymous_0)
DA:11,1
DA:17,8
DA:19,1
DA:22,1
DA:25,1
DA:28,1
DA:31,1
DA:34,1
DA:37,1
DA:40,1
LF:10
LH:10
BRDA:16,0,0,1
BRDA:17,1,0,1
BRDA:17,1,1,1
BRDA:17,1,2,1
BRDA:17,1,3,1
BRDA:17,1,4,1
BRDA:17,1,5,1
BRDA:17,1,6,1
BRDA:17,1,7,1
BRF:9
BRH:9
end_of_record
TN:
SF:C:\Users\xas\Desktop\Nanodegree\Projetos\Readable\readable\src\utils\helpers.js
FN:3,dateBeauty
FN:10,voteBeauty
FNF:2
FNH:2
FNDA:37,dateBeauty
FNDA:37,voteBeauty
DA:4,37
DA:5,37
DA:6,37
DA:7,37
DA:11,37
DA:12,37
LF:6
LH:6
BRDA:11,0,0,3
BRDA:11,0,1,34
BRF:2
BRH:2
end_of_record
TN:
SF:C:\Users\xas\Desktop\Nanodegree\Projetos\Readable\readable\src\utils\api\categories.js
FN:11,(anonymous_0)
FN:13,(anonymous_1)
FN:14,(anonymous_2)
FNF:3
FNH:3
FNDA:5,(anonymous_0)
FNDA:5,(anonymous_1)
FNDA:5,(anonymous_2)
DA:2,7
DA:4,7
DA:6,7
DA:11,7
DA:12,5
DA:13,5
DA:14,5
LF:7
LH:7
BRF:0
BRH:0
end_of_record
TN:
SF:C:\Users\xas\Desktop\Nanodegree\Projetos\Readable\readable\src\utils\api\comments.js
FN:12,(anonymous_0)
FN:14,(anonymous_1)
FN:16,(anonymous_2)
FN:24,(anonymous_3)
FN:26,(anonymous_4)
FN:34,(anonymous_5)
FN:36,(anonymous_6)
FN:48,(anonymous_7)
FN:50,(anonymous_8)
FNF:9
FNH:9
FNDA:11,(anonymous_0)
FNDA:8,(anonymous_1)
FNDA:4,(anonymous_2)
FNDA:4,(anonymous_3)
FNDA:2,(anonymous_4)
FNDA:1,(anonymous_5)
FNDA:2,(anonymous_6)
FNDA:1,(anonymous_7)
FNDA:2,(anonymous_8)
DA:3,5
DA:5,5
DA:7,5
DA:12,5
DA:13,11
DA:14,8
DA:16,5
DA:17,4
DA:24,4
DA:26,5
DA:27,2
DA:34,1
DA:36,5
DA:37,2
DA:48,1
DA:50,5
DA:51,2
LF:17
LH:17
BRF:0
BRH:0
end_of_record
TN:
SF:C:\Users\xas\Desktop\Nanodegree\Projetos\Readable\readable\src\utils\api\posts.js
FN:12,(anonymous_0)
FN:14,(anonymous_1)
FN:16,(anonymous_2)
FN:18,(anonymous_3)
FN:20,(anonymous_4)
FN:28,(anonymous_5)
FN:30,(anonymous_6)
FN:42,(anonymous_7)
FN:44,(anonymous_8)
FN:52,(anonymous_9)
FN:54,(anonymous_10)
FNF:11
FNH:11
FNDA:4,(anonymous_0)
FNDA:3,(anonymous_1)
FNDA:9,(anonymous_2)
FNDA:4,(anonymous_3)
FNDA:4,(anonymous_4)
FNDA:2,(anonymous_5)
FNDA:2,(anonymous_6)
FNDA:1,(anonymous_7)
FNDA:2,(anonymous_8)
FNDA:1,(anonymous_9)
FNDA:2,(anonymous_10)
DA:3,7
DA:5,7
DA:7,7
DA:12,7
DA:13,4
DA:14,3
DA:16,7
DA:17,9
DA:18,4
DA:20,7
DA:21,4
DA:28,2
DA:30,7
DA:31,2
DA:42,1
DA:44,7
DA:45,2
DA:52,1
DA:54,7
DA:55,2
LF:20
LH:20
BRF:0
BRH:0
end_of_record
